16:32:24:920  INFO 1236 --- [main] com.hmall.pay.PayApplication             : Starting PayApplication using Java 11.0.19 on Dell_5511 with PID 1236 (D:\01_StudyWork\JavaProject\hmall\pay-service\target\classes started by a1831 in D:\01_StudyWork\JavaProject\hmall)
16:32:24:926 DEBUG 1236 --- [main] com.hmall.pay.PayApplication             : Running with Spring Boot v2.7.12, Spring v5.3.27
16:32:24:927  INFO 1236 --- [main] com.hmall.pay.PayApplication             : The following 1 profile is active: "local"
16:32:26:129  INFO 1236 --- [main] o.s.cloud.context.scope.GenericScope     : BeanFactory id=0e26c833-f2d6-3ac1-ae02-a6f6793390d4
16:32:26:591  INFO 1236 --- [main] o.s.b.w.embedded.tomcat.TomcatWebServer  : Tomcat initialized with port(s): 8086 (http)
16:32:26:592  INFO 1236 --- [main] o.a.catalina.core.AprLifecycleListener   : Loaded Apache Tomcat Native library [1.3.1] using APR version [1.7.4].
16:32:26:592  INFO 1236 --- [main] o.a.catalina.core.AprLifecycleListener   : APR capabilities: IPv6 [true], sendfile [true], accept filters [false], random [true], UDS [true].
16:32:26:592  INFO 1236 --- [main] o.a.catalina.core.AprLifecycleListener   : APR/OpenSSL configuration: useAprConnector [false], useOpenSSL [true]
16:32:26:597  INFO 1236 --- [main] o.a.catalina.core.AprLifecycleListener   : OpenSSL successfully initialized [OpenSSL 3.0.14 4 Jun 2024]
16:32:26:607  INFO 1236 --- [main] o.apache.catalina.core.StandardService   : Starting service [Tomcat]
16:32:26:607  INFO 1236 --- [main] org.apache.catalina.core.StandardEngine  : Starting Servlet engine: [Apache Tomcat/9.0.75]
16:32:26:797  INFO 1236 --- [main] o.a.c.c.C.[Tomcat].[localhost].[/]       : Initializing Spring embedded WebApplicationContext
16:32:26:797  INFO 1236 --- [main] w.s.c.ServletWebServerApplicationContext : Root WebApplicationContext: initialization completed in 1826 ms
16:32:27:016  INFO 1236 --- [main] o.s.c.openfeign.FeignClientFactoryBean   : For 'user-service' URL not provided. Will try picking an instance via load-balancing.
16:32:27:086  INFO 1236 --- [main] o.s.c.openfeign.FeignClientFactoryBean   : For 'trade-server' URL not provided. Will try picking an instance via load-balancing.
16:32:29:480  INFO 1236 --- [main] pertySourcedRequestMappingHandlerMapping : Mapped URL path [/v2/api-docs] onto method [springfox.documentation.swagger2.web.Swagger2ControllerWebMvc#getDocumentation(String, HttpServletRequest)]
16:32:30:597  INFO 1236 --- [main] com.alibaba.nacos.common.remote.client   : [RpcClientFactory] create a new rpc client of d39f61e9-b0de-48dc-96c2-2c6a202c5b00
16:32:30:670  INFO 1236 --- [main] org.reflections.Reflections              : Reflections took 40 ms to scan 1 urls, producing 3 keys and 6 values 
16:32:30:701  INFO 1236 --- [main] org.reflections.Reflections              : Reflections took 9 ms to scan 1 urls, producing 4 keys and 9 values 
16:32:30:712  INFO 1236 --- [main] org.reflections.Reflections              : Reflections took 7 ms to scan 1 urls, producing 3 keys and 10 values 
16:32:30:715  WARN 1236 --- [main] org.reflections.Reflections              : given scan urls are empty. set urls in the configuration
16:32:30:722  INFO 1236 --- [main] org.reflections.Reflections              : Reflections took 6 ms to scan 1 urls, producing 1 keys and 5 values 
16:32:30:734  INFO 1236 --- [main] org.reflections.Reflections              : Reflections took 8 ms to scan 1 urls, producing 1 keys and 7 values 
16:32:30:744  INFO 1236 --- [main] org.reflections.Reflections              : Reflections took 7 ms to scan 1 urls, producing 2 keys and 8 values 
16:32:30:748  WARN 1236 --- [main] org.reflections.Reflections              : given scan urls are empty. set urls in the configuration
16:32:30:750  INFO 1236 --- [main] com.alibaba.nacos.common.remote.client   : [d39f61e9-b0de-48dc-96c2-2c6a202c5b00] RpcClient init label, labels = {module=naming, source=sdk}
16:32:30:752  INFO 1236 --- [main] com.alibaba.nacos.common.remote.client   : [d39f61e9-b0de-48dc-96c2-2c6a202c5b00] RpcClient init, ServerListFactory = com.alibaba.nacos.client.naming.core.ServerListManager
16:32:30:752  INFO 1236 --- [main] com.alibaba.nacos.common.remote.client   : [d39f61e9-b0de-48dc-96c2-2c6a202c5b00] Registry connection listener to current client:com.alibaba.nacos.client.naming.remote.gprc.redo.NamingGrpcRedoService
16:32:30:752  INFO 1236 --- [main] com.alibaba.nacos.common.remote.client   : [d39f61e9-b0de-48dc-96c2-2c6a202c5b00] Register server push request handler:com.alibaba.nacos.client.naming.remote.gprc.NamingPushRequestHandler
16:32:30:754  INFO 1236 --- [main] com.alibaba.nacos.common.remote.client   : [d39f61e9-b0de-48dc-96c2-2c6a202c5b00] Try to connect to server on start up, server: {serverIp = '192.168.150.131', server main port = 8848}
16:32:32:784  WARN 1236 --- [Thread-7] c.a.n.common.http.HttpClientBeanHolder   : [HttpClientBeanHolder] Start destroying common HttpClient
16:32:32:784  WARN 1236 --- [Thread-4] c.a.nacos.common.notify.NotifyCenter     : [NotifyCenter] Start destroying Publisher
16:32:32:786  WARN 1236 --- [Thread-4] c.a.nacos.common.notify.NotifyCenter     : [NotifyCenter] Destruction of the end
16:32:32:786  WARN 1236 --- [Thread-7] c.a.n.common.http.HttpClientBeanHolder   : [HttpClientBeanHolder] Destruction of the end
16:32:32:968  INFO 1236 --- [main] com.alibaba.nacos.common.remote.client   : [d39f61e9-b0de-48dc-96c2-2c6a202c5b00] Success to connect to server [192.168.150.131:8848] on start up, connectionId = 1756282710701_192.168.150.1_9583
16:32:32:969  INFO 1236 --- [com.alibaba.nacos.client.remote.worker] com.alibaba.nacos.common.remote.client   : [d39f61e9-b0de-48dc-96c2-2c6a202c5b00] Notify connected event to listeners.
16:32:32:969  INFO 1236 --- [main] com.alibaba.nacos.common.remote.client   : [d39f61e9-b0de-48dc-96c2-2c6a202c5b00] Register server push request handler:com.alibaba.nacos.common.remote.client.RpcClient$ConnectResetRequestHandler
16:32:32:970  INFO 1236 --- [main] com.alibaba.nacos.common.remote.client   : [d39f61e9-b0de-48dc-96c2-2c6a202c5b00] Register server push request handler:com.alibaba.nacos.common.remote.client.RpcClient$$Lambda$1071/0x0000000800744440
16:32:33:075  INFO 1236 --- [main] o.s.b.w.embedded.tomcat.TomcatWebServer  : Tomcat started on port(s): 8086 (http) with context path ''
16:32:33:109  INFO 1236 --- [main] c.a.c.n.registry.NacosServiceRegistry    : nacos registry, DEFAULT_GROUP pay-service 10.168.1.127:8086 register finished
16:32:33:526  INFO 1236 --- [nacos-grpc-client-executor-10] com.alibaba.nacos.common.remote.client   : [d39f61e9-b0de-48dc-96c2-2c6a202c5b00] Receive server push request, request = NotifySubscriberRequest, requestId = 1
16:32:33:529  INFO 1236 --- [nacos-grpc-client-executor-10] com.alibaba.nacos.common.remote.client   : [d39f61e9-b0de-48dc-96c2-2c6a202c5b00] Ack server push request, request = NotifySubscriberRequest, requestId = 1
16:32:33:745  INFO 1236 --- [main] d.s.w.p.DocumentationPluginsBootstrapper : Documentation plugins bootstrapped
16:32:33:749  INFO 1236 --- [main] d.s.w.p.DocumentationPluginsBootstrapper : Found 1 custom documentation plugin(s)
16:32:33:771  INFO 1236 --- [main] s.d.s.w.s.ApiListingReferenceScanner     : Scanning for api listing references
16:32:33:848  INFO 1236 --- [main] com.hmall.pay.PayApplication             : Started PayApplication in 10.118 seconds (JVM running for 11.352)
16:32:34:423  INFO 1236 --- [SpringApplicationShutdownHook] c.a.c.n.registry.NacosServiceRegistry    : De-registering from Nacos Server now...
16:32:34:429  INFO 1236 --- [SpringApplicationShutdownHook] c.a.c.n.registry.NacosServiceRegistry    : De-registration finished.
16:32:34:894  INFO 1236 --- [nacos-grpc-client-executor-16] com.alibaba.nacos.common.remote.client   : [d39f61e9-b0de-48dc-96c2-2c6a202c5b00] Receive server push request, request = NotifySubscriberRequest, requestId = 2
16:32:34:896  INFO 1236 --- [nacos-grpc-client-executor-16] com.alibaba.nacos.common.remote.client   : [d39f61e9-b0de-48dc-96c2-2c6a202c5b00] Ack server push request, request = NotifySubscriberRequest, requestId = 2
16:32:35:083  INFO 1236 --- [SpringApplicationShutdownHook] com.alibaba.nacos.common.remote.client   : Shutdown rpc client, set status to shutdown
16:32:35:083  INFO 1236 --- [SpringApplicationShutdownHook] com.alibaba.nacos.common.remote.client   : Shutdown client event executor java.util.concurrent.ScheduledThreadPoolExecutor@be573d[Running, pool size = 2, active threads = 2, queued tasks = 0, completed tasks = 0]
16:32:35:083  INFO 1236 --- [SpringApplicationShutdownHook] com.alibaba.nacos.common.remote.client   : Close current connection 1756282710701_192.168.150.1_9583
16:32:35:086  INFO 1236 --- [nacos-grpc-client-executor-17] c.a.n.c.remote.client.grpc.GrpcClient    : [1756282710701_192.168.150.1_9583]Ignore complete event,isRunning:false,isAbandon=false
16:32:35:090  INFO 1236 --- [SpringApplicationShutdownHook] c.a.n.c.remote.client.grpc.GrpcClient    : Shutdown grpc executor java.util.concurrent.ThreadPoolExecutor@5fed3aa2[Running, pool size = 18, active threads = 0, queued tasks = 0, completed tasks = 18]
16:40:29:195  INFO 17208 --- [main] com.hmall.pay.PayApplication             : Starting PayApplication using Java 11.0.19 on Dell_5511 with PID 17208 (D:\01_StudyWork\JavaProject\hmall\pay-service\target\classes started by a1831 in D:\01_StudyWork\JavaProject\hmall)
16:40:29:198 DEBUG 17208 --- [main] com.hmall.pay.PayApplication             : Running with Spring Boot v2.7.12, Spring v5.3.27
16:40:29:198  INFO 17208 --- [main] com.hmall.pay.PayApplication             : The following 1 profile is active: "local"
16:40:30:460  INFO 17208 --- [main] o.s.cloud.context.scope.GenericScope     : BeanFactory id=0e26c833-f2d6-3ac1-ae02-a6f6793390d4
16:40:30:849  INFO 17208 --- [main] o.s.b.w.embedded.tomcat.TomcatWebServer  : Tomcat initialized with port(s): 8086 (http)
16:40:30:850  INFO 17208 --- [main] o.a.catalina.core.AprLifecycleListener   : Loaded Apache Tomcat Native library [1.3.1] using APR version [1.7.4].
16:40:30:850  INFO 17208 --- [main] o.a.catalina.core.AprLifecycleListener   : APR capabilities: IPv6 [true], sendfile [true], accept filters [false], random [true], UDS [true].
16:40:30:850  INFO 17208 --- [main] o.a.catalina.core.AprLifecycleListener   : APR/OpenSSL configuration: useAprConnector [false], useOpenSSL [true]
16:40:30:857  INFO 17208 --- [main] o.a.catalina.core.AprLifecycleListener   : OpenSSL successfully initialized [OpenSSL 3.0.14 4 Jun 2024]
16:40:30:868  INFO 17208 --- [main] o.apache.catalina.core.StandardService   : Starting service [Tomcat]
16:40:30:868  INFO 17208 --- [main] org.apache.catalina.core.StandardEngine  : Starting Servlet engine: [Apache Tomcat/9.0.75]
16:40:31:114  INFO 17208 --- [main] o.a.c.c.C.[Tomcat].[localhost].[/]       : Initializing Spring embedded WebApplicationContext
16:40:31:115  INFO 17208 --- [main] w.s.c.ServletWebServerApplicationContext : Root WebApplicationContext: initialization completed in 1867 ms
16:40:31:479  INFO 17208 --- [main] o.s.c.openfeign.FeignClientFactoryBean   : For 'user-service' URL not provided. Will try picking an instance via load-balancing.
16:40:31:592  INFO 17208 --- [main] o.s.c.openfeign.FeignClientFactoryBean   : For 'trade-server' URL not provided. Will try picking an instance via load-balancing.
16:40:33:709  INFO 17208 --- [main] pertySourcedRequestMappingHandlerMapping : Mapped URL path [/v2/api-docs] onto method [springfox.documentation.swagger2.web.Swagger2ControllerWebMvc#getDocumentation(String, HttpServletRequest)]
16:40:34:605  INFO 17208 --- [main] com.alibaba.nacos.common.remote.client   : [RpcClientFactory] create a new rpc client of bc1efc19-1ed5-4e89-bc07-e4cf679904d6
16:40:34:651  INFO 17208 --- [main] org.reflections.Reflections              : Reflections took 24 ms to scan 1 urls, producing 3 keys and 6 values 
16:40:34:682  INFO 17208 --- [main] org.reflections.Reflections              : Reflections took 11 ms to scan 1 urls, producing 4 keys and 9 values 
16:40:34:697  INFO 17208 --- [main] org.reflections.Reflections              : Reflections took 9 ms to scan 1 urls, producing 3 keys and 10 values 
16:40:34:701  WARN 17208 --- [main] org.reflections.Reflections              : given scan urls are empty. set urls in the configuration
16:40:34:708  INFO 17208 --- [main] org.reflections.Reflections              : Reflections took 7 ms to scan 1 urls, producing 1 keys and 5 values 
16:40:34:718  INFO 17208 --- [main] org.reflections.Reflections              : Reflections took 7 ms to scan 1 urls, producing 1 keys and 7 values 
16:40:34:728  INFO 17208 --- [main] org.reflections.Reflections              : Reflections took 8 ms to scan 1 urls, producing 2 keys and 8 values 
16:40:34:731  WARN 17208 --- [main] org.reflections.Reflections              : given scan urls are empty. set urls in the configuration
16:40:34:732  INFO 17208 --- [main] com.alibaba.nacos.common.remote.client   : [bc1efc19-1ed5-4e89-bc07-e4cf679904d6] RpcClient init label, labels = {module=naming, source=sdk}
16:40:34:733  INFO 17208 --- [main] com.alibaba.nacos.common.remote.client   : [bc1efc19-1ed5-4e89-bc07-e4cf679904d6] RpcClient init, ServerListFactory = com.alibaba.nacos.client.naming.core.ServerListManager
16:40:34:733  INFO 17208 --- [main] com.alibaba.nacos.common.remote.client   : [bc1efc19-1ed5-4e89-bc07-e4cf679904d6] Registry connection listener to current client:com.alibaba.nacos.client.naming.remote.gprc.redo.NamingGrpcRedoService
16:40:34:735  INFO 17208 --- [main] com.alibaba.nacos.common.remote.client   : [bc1efc19-1ed5-4e89-bc07-e4cf679904d6] Register server push request handler:com.alibaba.nacos.client.naming.remote.gprc.NamingPushRequestHandler
16:40:34:737  INFO 17208 --- [main] com.alibaba.nacos.common.remote.client   : [bc1efc19-1ed5-4e89-bc07-e4cf679904d6] Try to connect to server on start up, server: {serverIp = '192.168.150.131', server main port = 8848}
16:40:36:615  INFO 17208 --- [main] com.alibaba.nacos.common.remote.client   : [bc1efc19-1ed5-4e89-bc07-e4cf679904d6] Success to connect to server [192.168.150.131:8848] on start up, connectionId = 1756283234671_192.168.150.1_8046
16:40:36:617  INFO 17208 --- [com.alibaba.nacos.client.remote.worker] com.alibaba.nacos.common.remote.client   : [bc1efc19-1ed5-4e89-bc07-e4cf679904d6] Notify connected event to listeners.
16:40:36:618  INFO 17208 --- [main] com.alibaba.nacos.common.remote.client   : [bc1efc19-1ed5-4e89-bc07-e4cf679904d6] Register server push request handler:com.alibaba.nacos.common.remote.client.RpcClient$ConnectResetRequestHandler
16:40:36:619  INFO 17208 --- [main] com.alibaba.nacos.common.remote.client   : [bc1efc19-1ed5-4e89-bc07-e4cf679904d6] Register server push request handler:com.alibaba.nacos.common.remote.client.RpcClient$$Lambda$1070/0x0000000800742c40
16:40:36:699  INFO 17208 --- [main] o.s.b.w.embedded.tomcat.TomcatWebServer  : Tomcat started on port(s): 8086 (http) with context path ''
16:40:36:713  INFO 17208 --- [main] c.a.c.n.registry.NacosServiceRegistry    : nacos registry, DEFAULT_GROUP pay-service 10.168.1.127:8086 register finished
16:40:37:141  INFO 17208 --- [nacos-grpc-client-executor-9] com.alibaba.nacos.common.remote.client   : [bc1efc19-1ed5-4e89-bc07-e4cf679904d6] Receive server push request, request = NotifySubscriberRequest, requestId = 13
16:40:37:144  INFO 17208 --- [nacos-grpc-client-executor-9] com.alibaba.nacos.common.remote.client   : [bc1efc19-1ed5-4e89-bc07-e4cf679904d6] Ack server push request, request = NotifySubscriberRequest, requestId = 13
16:40:37:434  INFO 17208 --- [main] d.s.w.p.DocumentationPluginsBootstrapper : Documentation plugins bootstrapped
16:40:37:438  INFO 17208 --- [main] d.s.w.p.DocumentationPluginsBootstrapper : Found 1 custom documentation plugin(s)
16:40:37:461  INFO 17208 --- [main] s.d.s.w.s.ApiListingReferenceScanner     : Scanning for api listing references
16:40:37:533  INFO 17208 --- [main] com.hmall.pay.PayApplication             : Started PayApplication in 9.779 seconds (JVM running for 10.955)
16:47:38:869  INFO 17208 --- [http-nio-8086-exec-2] o.a.c.c.C.[Tomcat].[localhost].[/]       : Initializing Spring DispatcherServlet 'dispatcherServlet'
16:47:38:870  INFO 17208 --- [http-nio-8086-exec-2] o.s.web.servlet.DispatcherServlet        : Initializing Servlet 'dispatcherServlet'
16:47:38:891  INFO 17208 --- [http-nio-8086-exec-2] o.s.web.servlet.DispatcherServlet        : Completed initialization in 20 ms
16:47:39:275  INFO 17208 --- [http-nio-8086-exec-2] com.zaxxer.hikari.HikariDataSource       : HikariPool-1 - Starting...
16:47:39:519  INFO 17208 --- [http-nio-8086-exec-2] com.zaxxer.hikari.HikariDataSource       : HikariPool-1 - Start completed.
16:47:39:526 DEBUG 17208 --- [http-nio-8086-exec-2] c.h.p.mapper.PayOrderMapper.selectList   : ==>  Preparing: SELECT id,biz_order_no,pay_order_no,biz_user_id,pay_channel_code,amount,pay_type,status,expand_json,result_code,result_msg,pay_success_time,pay_over_time,qr_code_url,create_time,update_time,creater,updater,is_delete FROM pay_order WHERE (biz_order_no = ?)
16:47:39:562 DEBUG 17208 --- [http-nio-8086-exec-2] c.h.p.mapper.PayOrderMapper.selectList   : ==> Parameters: 1960625237622996993(Long)
16:47:39:657 DEBUG 17208 --- [http-nio-8086-exec-2] c.h.p.mapper.PayOrderMapper.selectList   : <==      Total: 0
16:47:39:707 DEBUG 17208 --- [http-nio-8086-exec-2] c.h.pay.mapper.PayOrderMapper.insert     : ==>  Preparing: INSERT INTO pay_order ( id, biz_order_no, pay_order_no, biz_user_id, pay_channel_code, amount, pay_type, status, pay_over_time ) VALUES ( ?, ?, ?, ?, ?, ?, ?, ?, ? )
16:47:39:711 DEBUG 17208 --- [http-nio-8086-exec-2] c.h.pay.mapper.PayOrderMapper.insert     : ==> Parameters: 1960625244929470467(Long), 1960625237622996993(Long), 1960625244929470466(Long), 1(Long), balance(String), 200400(Integer), 5(Integer), 1(Integer), 2025-08-27T18:47:39.700299600(LocalDateTime)
16:47:39:719 DEBUG 17208 --- [http-nio-8086-exec-2] c.h.pay.mapper.PayOrderMapper.insert     : <==    Updates: 1
16:47:59:791 DEBUG 17208 --- [http-nio-8086-exec-1] c.h.p.mapper.PayOrderMapper.selectById   : ==>  Preparing: SELECT id,biz_order_no,pay_order_no,biz_user_id,pay_channel_code,amount,pay_type,status,expand_json,result_code,result_msg,pay_success_time,pay_over_time,qr_code_url,create_time,update_time,creater,updater,is_delete FROM pay_order WHERE id=?
16:47:59:792 DEBUG 17208 --- [http-nio-8086-exec-1] c.h.p.mapper.PayOrderMapper.selectById   : ==> Parameters: 1960625244929470467(Long)
16:47:59:799 DEBUG 17208 --- [http-nio-8086-exec-1] c.h.p.mapper.PayOrderMapper.selectById   : <==      Total: 1
16:48:00:063 ERROR 17208 --- [http-nio-8086-exec-1] o.a.c.c.C.[.[.[/].[dispatcherServlet]    : Servlet.service() for servlet [dispatcherServlet] in context with path [] threw exception [Request processing failed; nested exception is feign.FeignException$InternalServerError: [500] during [PUT] to [http://user-service/users/money/deduct?pw=123&amount=200400] [UserClient#deductMoney(String,Integer)]: [{"timestamp":"2025-08-27T08:48:00.017+00:00","status":500,"error":"Internal Server Error","path":"/users/money/deduct"}]] with root cause

feign.FeignException$InternalServerError: [500] during [PUT] to [http://user-service/users/money/deduct?pw=123&amount=200400] [UserClient#deductMoney(String,Integer)]: [{"timestamp":"2025-08-27T08:48:00.017+00:00","status":500,"error":"Internal Server Error","path":"/users/money/deduct"}]
	at feign.FeignException.serverErrorStatus(FeignException.java:250) ~[feign-core-11.8.jar:na]
	at feign.FeignException.errorStatus(FeignException.java:197) ~[feign-core-11.8.jar:na]
	at feign.FeignException.errorStatus(FeignException.java:185) ~[feign-core-11.8.jar:na]
	at feign.codec.ErrorDecoder$Default.decode(ErrorDecoder.java:92) ~[feign-core-11.8.jar:na]
	at feign.AsyncResponseHandler.handleResponse(AsyncResponseHandler.java:96) ~[feign-core-11.8.jar:na]
	at feign.SynchronousMethodHandler.executeAndDecode(SynchronousMethodHandler.java:138) ~[feign-core-11.8.jar:na]
	at feign.SynchronousMethodHandler.invoke(SynchronousMethodHandler.java:89) ~[feign-core-11.8.jar:na]
	at feign.ReflectiveFeign$FeignInvocationHandler.invoke(ReflectiveFeign.java:100) ~[feign-core-11.8.jar:na]
	at com.sun.proxy.$Proxy101.deductMoney(Unknown Source) ~[na:na]
	at com.hmall.pay.service.impl.PayOrderServiceImpl.tryPayOrderByBalance(PayOrderServiceImpl.java:64) ~[classes/:na]
	at com.hmall.pay.service.impl.PayOrderServiceImpl$$FastClassBySpringCGLIB$$b2062e7f.invoke(<generated>) ~[classes/:na]
	at org.springframework.cglib.proxy.MethodProxy.invoke(MethodProxy.java:218) ~[spring-core-5.3.27.jar:5.3.27]
	at org.springframework.aop.framework.CglibAopProxy$CglibMethodInvocation.invokeJoinpoint(CglibAopProxy.java:793) ~[spring-aop-5.3.27.jar:5.3.27]
	at org.springframework.aop.framework.ReflectiveMethodInvocation.proceed(ReflectiveMethodInvocation.java:163) ~[spring-aop-5.3.27.jar:5.3.27]
	at org.springframework.aop.framework.CglibAopProxy$CglibMethodInvocation.proceed(CglibAopProxy.java:763) ~[spring-aop-5.3.27.jar:5.3.27]
	at org.springframework.transaction.interceptor.TransactionInterceptor$1.proceedWithInvocation(TransactionInterceptor.java:123) ~[spring-tx-5.3.27.jar:5.3.27]
	at org.springframework.transaction.interceptor.TransactionAspectSupport.invokeWithinTransaction(TransactionAspectSupport.java:388) ~[spring-tx-5.3.27.jar:5.3.27]
	at org.springframework.transaction.interceptor.TransactionInterceptor.invoke(TransactionInterceptor.java:119) ~[spring-tx-5.3.27.jar:5.3.27]
	at org.springframework.aop.framework.ReflectiveMethodInvocation.proceed(ReflectiveMethodInvocation.java:186) ~[spring-aop-5.3.27.jar:5.3.27]
	at org.springframework.aop.framework.CglibAopProxy$CglibMethodInvocation.proceed(CglibAopProxy.java:763) ~[spring-aop-5.3.27.jar:5.3.27]
	at org.springframework.aop.framework.CglibAopProxy$DynamicAdvisedInterceptor.intercept(CglibAopProxy.java:708) ~[spring-aop-5.3.27.jar:5.3.27]
	at com.hmall.pay.service.impl.PayOrderServiceImpl$$EnhancerBySpringCGLIB$$b1002cd4.tryPayOrderByBalance(<generated>) ~[classes/:na]
	at com.hmall.pay.controller.PayController.tryPayOrderByBalance(PayController.java:47) ~[classes/:na]
	at java.base/jdk.internal.reflect.NativeMethodAccessorImpl.invoke0(Native Method) ~[na:na]
	at java.base/jdk.internal.reflect.NativeMethodAccessorImpl.invoke(NativeMethodAccessorImpl.java:62) ~[na:na]
	at java.base/jdk.internal.reflect.DelegatingMethodAccessorImpl.invoke(DelegatingMethodAccessorImpl.java:43) ~[na:na]
	at java.base/java.lang.reflect.Method.invoke(Method.java:566) ~[na:na]
	at org.springframework.web.method.support.InvocableHandlerMethod.doInvoke(InvocableHandlerMethod.java:205) ~[spring-web-5.3.27.jar:5.3.27]
	at org.springframework.web.method.support.InvocableHandlerMethod.invokeForRequest(InvocableHandlerMethod.java:150) ~[spring-web-5.3.27.jar:5.3.27]
	at org.springframework.web.servlet.mvc.method.annotation.ServletInvocableHandlerMethod.invokeAndHandle(ServletInvocableHandlerMethod.java:117) ~[spring-webmvc-5.3.27.jar:5.3.27]
	at org.springframework.web.servlet.mvc.method.annotation.RequestMappingHandlerAdapter.invokeHandlerMethod(RequestMappingHandlerAdapter.java:895) ~[spring-webmvc-5.3.27.jar:5.3.27]
	at org.springframework.web.servlet.mvc.method.annotation.RequestMappingHandlerAdapter.handleInternal(RequestMappingHandlerAdapter.java:808) ~[spring-webmvc-5.3.27.jar:5.3.27]
	at org.springframework.web.servlet.mvc.method.AbstractHandlerMethodAdapter.handle(AbstractHandlerMethodAdapter.java:87) ~[spring-webmvc-5.3.27.jar:5.3.27]
	at org.springframework.web.servlet.DispatcherServlet.doDispatch(DispatcherServlet.java:1072) ~[spring-webmvc-5.3.27.jar:5.3.27]
	at org.springframework.web.servlet.DispatcherServlet.doService(DispatcherServlet.java:965) ~[spring-webmvc-5.3.27.jar:5.3.27]
	at org.springframework.web.servlet.FrameworkServlet.processRequest(FrameworkServlet.java:1006) ~[spring-webmvc-5.3.27.jar:5.3.27]
	at org.springframework.web.servlet.FrameworkServlet.doPost(FrameworkServlet.java:909) ~[spring-webmvc-5.3.27.jar:5.3.27]
	at javax.servlet.http.HttpServlet.service(HttpServlet.java:555) ~[tomcat-embed-core-9.0.75.jar:4.0.FR]
	at org.springframework.web.servlet.FrameworkServlet.service(FrameworkServlet.java:883) ~[spring-webmvc-5.3.27.jar:5.3.27]
	at javax.servlet.http.HttpServlet.service(HttpServlet.java:623) ~[tomcat-embed-core-9.0.75.jar:4.0.FR]
	at org.apache.catalina.core.ApplicationFilterChain.internalDoFilter(ApplicationFilterChain.java:209) ~[tomcat-embed-core-9.0.75.jar:9.0.75]
	at org.apache.catalina.core.ApplicationFilterChain.doFilter(ApplicationFilterChain.java:153) ~[tomcat-embed-core-9.0.75.jar:9.0.75]
	at org.apache.tomcat.websocket.server.WsFilter.doFilter(WsFilter.java:51) ~[tomcat-embed-websocket-9.0.75.jar:9.0.75]
	at org.apache.catalina.core.ApplicationFilterChain.internalDoFilter(ApplicationFilterChain.java:178) ~[tomcat-embed-core-9.0.75.jar:9.0.75]
	at org.apache.catalina.core.ApplicationFilterChain.doFilter(ApplicationFilterChain.java:153) ~[tomcat-embed-core-9.0.75.jar:9.0.75]
	at org.springframework.web.filter.RequestContextFilter.doFilterInternal(RequestContextFilter.java:100) ~[spring-web-5.3.27.jar:5.3.27]
	at org.springframework.web.filter.OncePerRequestFilter.doFilter(OncePerRequestFilter.java:117) ~[spring-web-5.3.27.jar:5.3.27]
	at org.apache.catalina.core.ApplicationFilterChain.internalDoFilter(ApplicationFilterChain.java:178) ~[tomcat-embed-core-9.0.75.jar:9.0.75]
	at org.apache.catalina.core.ApplicationFilterChain.doFilter(ApplicationFilterChain.java:153) ~[tomcat-embed-core-9.0.75.jar:9.0.75]
	at org.springframework.web.filter.FormContentFilter.doFilterInternal(FormContentFilter.java:93) ~[spring-web-5.3.27.jar:5.3.27]
	at org.springframework.web.filter.OncePerRequestFilter.doFilter(OncePerRequestFilter.java:117) ~[spring-web-5.3.27.jar:5.3.27]
	at org.apache.catalina.core.ApplicationFilterChain.internalDoFilter(ApplicationFilterChain.java:178) ~[tomcat-embed-core-9.0.75.jar:9.0.75]
	at org.apache.catalina.core.ApplicationFilterChain.doFilter(ApplicationFilterChain.java:153) ~[tomcat-embed-core-9.0.75.jar:9.0.75]
	at org.springframework.web.filter.CharacterEncodingFilter.doFilterInternal(CharacterEncodingFilter.java:201) ~[spring-web-5.3.27.jar:5.3.27]
	at org.springframework.web.filter.OncePerRequestFilter.doFilter(OncePerRequestFilter.java:117) ~[spring-web-5.3.27.jar:5.3.27]
	at org.apache.catalina.core.ApplicationFilterChain.internalDoFilter(ApplicationFilterChain.java:178) ~[tomcat-embed-core-9.0.75.jar:9.0.75]
	at org.apache.catalina.core.ApplicationFilterChain.doFilter(ApplicationFilterChain.java:153) ~[tomcat-embed-core-9.0.75.jar:9.0.75]
	at org.apache.catalina.core.StandardWrapperValve.invoke(StandardWrapperValve.java:167) ~[tomcat-embed-core-9.0.75.jar:9.0.75]
	at org.apache.catalina.core.StandardContextValve.invoke(StandardContextValve.java:90) ~[tomcat-embed-core-9.0.75.jar:9.0.75]
	at org.apache.catalina.authenticator.AuthenticatorBase.invoke(AuthenticatorBase.java:481) ~[tomcat-embed-core-9.0.75.jar:9.0.75]
	at org.apache.catalina.core.StandardHostValve.invoke(StandardHostValve.java:130) ~[tomcat-embed-core-9.0.75.jar:9.0.75]
	at org.apache.catalina.valves.ErrorReportValve.invoke(ErrorReportValve.java:93) ~[tomcat-embed-core-9.0.75.jar:9.0.75]
	at org.apache.catalina.core.StandardEngineValve.invoke(StandardEngineValve.java:74) ~[tomcat-embed-core-9.0.75.jar:9.0.75]
	at org.apache.catalina.connector.CoyoteAdapter.service(CoyoteAdapter.java:343) ~[tomcat-embed-core-9.0.75.jar:9.0.75]
	at org.apache.coyote.http11.Http11Processor.service(Http11Processor.java:390) ~[tomcat-embed-core-9.0.75.jar:9.0.75]
	at org.apache.coyote.AbstractProcessorLight.process(AbstractProcessorLight.java:63) ~[tomcat-embed-core-9.0.75.jar:9.0.75]
	at org.apache.coyote.AbstractProtocol$ConnectionHandler.process(AbstractProtocol.java:926) ~[tomcat-embed-core-9.0.75.jar:9.0.75]
	at org.apache.tomcat.util.net.NioEndpoint$SocketProcessor.doRun(NioEndpoint.java:1791) ~[tomcat-embed-core-9.0.75.jar:9.0.75]
	at org.apache.tomcat.util.net.SocketProcessorBase.run(SocketProcessorBase.java:52) ~[tomcat-embed-core-9.0.75.jar:9.0.75]
	at org.apache.tomcat.util.threads.ThreadPoolExecutor.runWorker(ThreadPoolExecutor.java:1191) ~[tomcat-embed-core-9.0.75.jar:9.0.75]
	at org.apache.tomcat.util.threads.ThreadPoolExecutor$Worker.run(ThreadPoolExecutor.java:659) ~[tomcat-embed-core-9.0.75.jar:9.0.75]
	at org.apache.tomcat.util.threads.TaskThread$WrappingRunnable.run(TaskThread.java:61) ~[tomcat-embed-core-9.0.75.jar:9.0.75]
	at java.base/java.lang.Thread.run(Thread.java:834) ~[na:na]

16:48:00:440  INFO 17208 --- [nacos-grpc-client-executor-109] com.alibaba.nacos.common.remote.client   : [bc1efc19-1ed5-4e89-bc07-e4cf679904d6] Receive server push request, request = NotifySubscriberRequest, requestId = 31
16:48:00:440  INFO 17208 --- [nacos-grpc-client-executor-109] com.alibaba.nacos.common.remote.client   : [bc1efc19-1ed5-4e89-bc07-e4cf679904d6] Ack server push request, request = NotifySubscriberRequest, requestId = 31
16:48:07:969 DEBUG 17208 --- [http-nio-8086-exec-3] c.h.p.mapper.PayOrderMapper.selectById   : ==>  Preparing: SELECT id,biz_order_no,pay_order_no,biz_user_id,pay_channel_code,amount,pay_type,status,expand_json,result_code,result_msg,pay_success_time,pay_over_time,qr_code_url,create_time,update_time,creater,updater,is_delete FROM pay_order WHERE id=?
16:48:07:970 DEBUG 17208 --- [http-nio-8086-exec-3] c.h.p.mapper.PayOrderMapper.selectById   : ==> Parameters: 1960625244929470467(Long)
16:48:07:972 DEBUG 17208 --- [http-nio-8086-exec-3] c.h.p.mapper.PayOrderMapper.selectById   : <==      Total: 1
16:48:07:999 ERROR 17208 --- [http-nio-8086-exec-3] o.a.c.c.C.[.[.[/].[dispatcherServlet]    : Servlet.service() for servlet [dispatcherServlet] in context with path [] threw exception [Request processing failed; nested exception is feign.FeignException$InternalServerError: [500] during [PUT] to [http://user-service/users/money/deduct?pw=123&amount=200400] [UserClient#deductMoney(String,Integer)]: [{"timestamp":"2025-08-27T08:48:07.993+00:00","status":500,"error":"Internal Server Error","path":"/users/money/deduct"}]] with root cause

feign.FeignException$InternalServerError: [500] during [PUT] to [http://user-service/users/money/deduct?pw=123&amount=200400] [UserClient#deductMoney(String,Integer)]: [{"timestamp":"2025-08-27T08:48:07.993+00:00","status":500,"error":"Internal Server Error","path":"/users/money/deduct"}]
	at feign.FeignException.serverErrorStatus(FeignException.java:250) ~[feign-core-11.8.jar:na]
	at feign.FeignException.errorStatus(FeignException.java:197) ~[feign-core-11.8.jar:na]
	at feign.FeignException.errorStatus(FeignException.java:185) ~[feign-core-11.8.jar:na]
	at feign.codec.ErrorDecoder$Default.decode(ErrorDecoder.java:92) ~[feign-core-11.8.jar:na]
	at feign.AsyncResponseHandler.handleResponse(AsyncResponseHandler.java:96) ~[feign-core-11.8.jar:na]
	at feign.SynchronousMethodHandler.executeAndDecode(SynchronousMethodHandler.java:138) ~[feign-core-11.8.jar:na]
	at feign.SynchronousMethodHandler.invoke(SynchronousMethodHandler.java:89) ~[feign-core-11.8.jar:na]
	at feign.ReflectiveFeign$FeignInvocationHandler.invoke(ReflectiveFeign.java:100) ~[feign-core-11.8.jar:na]
	at com.sun.proxy.$Proxy101.deductMoney(Unknown Source) ~[na:na]
	at com.hmall.pay.service.impl.PayOrderServiceImpl.tryPayOrderByBalance(PayOrderServiceImpl.java:64) ~[classes/:na]
	at com.hmall.pay.service.impl.PayOrderServiceImpl$$FastClassBySpringCGLIB$$b2062e7f.invoke(<generated>) ~[classes/:na]
	at org.springframework.cglib.proxy.MethodProxy.invoke(MethodProxy.java:218) ~[spring-core-5.3.27.jar:5.3.27]
	at org.springframework.aop.framework.CglibAopProxy$CglibMethodInvocation.invokeJoinpoint(CglibAopProxy.java:793) ~[spring-aop-5.3.27.jar:5.3.27]
	at org.springframework.aop.framework.ReflectiveMethodInvocation.proceed(ReflectiveMethodInvocation.java:163) ~[spring-aop-5.3.27.jar:5.3.27]
	at org.springframework.aop.framework.CglibAopProxy$CglibMethodInvocation.proceed(CglibAopProxy.java:763) ~[spring-aop-5.3.27.jar:5.3.27]
	at org.springframework.transaction.interceptor.TransactionInterceptor$1.proceedWithInvocation(TransactionInterceptor.java:123) ~[spring-tx-5.3.27.jar:5.3.27]
	at org.springframework.transaction.interceptor.TransactionAspectSupport.invokeWithinTransaction(TransactionAspectSupport.java:388) ~[spring-tx-5.3.27.jar:5.3.27]
	at org.springframework.transaction.interceptor.TransactionInterceptor.invoke(TransactionInterceptor.java:119) ~[spring-tx-5.3.27.jar:5.3.27]
	at org.springframework.aop.framework.ReflectiveMethodInvocation.proceed(ReflectiveMethodInvocation.java:186) ~[spring-aop-5.3.27.jar:5.3.27]
	at org.springframework.aop.framework.CglibAopProxy$CglibMethodInvocation.proceed(CglibAopProxy.java:763) ~[spring-aop-5.3.27.jar:5.3.27]
	at org.springframework.aop.framework.CglibAopProxy$DynamicAdvisedInterceptor.intercept(CglibAopProxy.java:708) ~[spring-aop-5.3.27.jar:5.3.27]
	at com.hmall.pay.service.impl.PayOrderServiceImpl$$EnhancerBySpringCGLIB$$b1002cd4.tryPayOrderByBalance(<generated>) ~[classes/:na]
	at com.hmall.pay.controller.PayController.tryPayOrderByBalance(PayController.java:47) ~[classes/:na]
	at java.base/jdk.internal.reflect.NativeMethodAccessorImpl.invoke0(Native Method) ~[na:na]
	at java.base/jdk.internal.reflect.NativeMethodAccessorImpl.invoke(NativeMethodAccessorImpl.java:62) ~[na:na]
	at java.base/jdk.internal.reflect.DelegatingMethodAccessorImpl.invoke(DelegatingMethodAccessorImpl.java:43) ~[na:na]
	at java.base/java.lang.reflect.Method.invoke(Method.java:566) ~[na:na]
	at org.springframework.web.method.support.InvocableHandlerMethod.doInvoke(InvocableHandlerMethod.java:205) ~[spring-web-5.3.27.jar:5.3.27]
	at org.springframework.web.method.support.InvocableHandlerMethod.invokeForRequest(InvocableHandlerMethod.java:150) ~[spring-web-5.3.27.jar:5.3.27]
	at org.springframework.web.servlet.mvc.method.annotation.ServletInvocableHandlerMethod.invokeAndHandle(ServletInvocableHandlerMethod.java:117) ~[spring-webmvc-5.3.27.jar:5.3.27]
	at org.springframework.web.servlet.mvc.method.annotation.RequestMappingHandlerAdapter.invokeHandlerMethod(RequestMappingHandlerAdapter.java:895) ~[spring-webmvc-5.3.27.jar:5.3.27]
	at org.springframework.web.servlet.mvc.method.annotation.RequestMappingHandlerAdapter.handleInternal(RequestMappingHandlerAdapter.java:808) ~[spring-webmvc-5.3.27.jar:5.3.27]
	at org.springframework.web.servlet.mvc.method.AbstractHandlerMethodAdapter.handle(AbstractHandlerMethodAdapter.java:87) ~[spring-webmvc-5.3.27.jar:5.3.27]
	at org.springframework.web.servlet.DispatcherServlet.doDispatch(DispatcherServlet.java:1072) ~[spring-webmvc-5.3.27.jar:5.3.27]
	at org.springframework.web.servlet.DispatcherServlet.doService(DispatcherServlet.java:965) ~[spring-webmvc-5.3.27.jar:5.3.27]
	at org.springframework.web.servlet.FrameworkServlet.processRequest(FrameworkServlet.java:1006) ~[spring-webmvc-5.3.27.jar:5.3.27]
	at org.springframework.web.servlet.FrameworkServlet.doPost(FrameworkServlet.java:909) ~[spring-webmvc-5.3.27.jar:5.3.27]
	at javax.servlet.http.HttpServlet.service(HttpServlet.java:555) ~[tomcat-embed-core-9.0.75.jar:4.0.FR]
	at org.springframework.web.servlet.FrameworkServlet.service(FrameworkServlet.java:883) ~[spring-webmvc-5.3.27.jar:5.3.27]
	at javax.servlet.http.HttpServlet.service(HttpServlet.java:623) ~[tomcat-embed-core-9.0.75.jar:4.0.FR]
	at org.apache.catalina.core.ApplicationFilterChain.internalDoFilter(ApplicationFilterChain.java:209) ~[tomcat-embed-core-9.0.75.jar:9.0.75]
	at org.apache.catalina.core.ApplicationFilterChain.doFilter(ApplicationFilterChain.java:153) ~[tomcat-embed-core-9.0.75.jar:9.0.75]
	at org.apache.tomcat.websocket.server.WsFilter.doFilter(WsFilter.java:51) ~[tomcat-embed-websocket-9.0.75.jar:9.0.75]
	at org.apache.catalina.core.ApplicationFilterChain.internalDoFilter(ApplicationFilterChain.java:178) ~[tomcat-embed-core-9.0.75.jar:9.0.75]
	at org.apache.catalina.core.ApplicationFilterChain.doFilter(ApplicationFilterChain.java:153) ~[tomcat-embed-core-9.0.75.jar:9.0.75]
	at org.springframework.web.filter.RequestContextFilter.doFilterInternal(RequestContextFilter.java:100) ~[spring-web-5.3.27.jar:5.3.27]
	at org.springframework.web.filter.OncePerRequestFilter.doFilter(OncePerRequestFilter.java:117) ~[spring-web-5.3.27.jar:5.3.27]
	at org.apache.catalina.core.ApplicationFilterChain.internalDoFilter(ApplicationFilterChain.java:178) ~[tomcat-embed-core-9.0.75.jar:9.0.75]
	at org.apache.catalina.core.ApplicationFilterChain.doFilter(ApplicationFilterChain.java:153) ~[tomcat-embed-core-9.0.75.jar:9.0.75]
	at org.springframework.web.filter.FormContentFilter.doFilterInternal(FormContentFilter.java:93) ~[spring-web-5.3.27.jar:5.3.27]
	at org.springframework.web.filter.OncePerRequestFilter.doFilter(OncePerRequestFilter.java:117) ~[spring-web-5.3.27.jar:5.3.27]
	at org.apache.catalina.core.ApplicationFilterChain.internalDoFilter(ApplicationFilterChain.java:178) ~[tomcat-embed-core-9.0.75.jar:9.0.75]
	at org.apache.catalina.core.ApplicationFilterChain.doFilter(ApplicationFilterChain.java:153) ~[tomcat-embed-core-9.0.75.jar:9.0.75]
	at org.springframework.web.filter.CharacterEncodingFilter.doFilterInternal(CharacterEncodingFilter.java:201) ~[spring-web-5.3.27.jar:5.3.27]
	at org.springframework.web.filter.OncePerRequestFilter.doFilter(OncePerRequestFilter.java:117) ~[spring-web-5.3.27.jar:5.3.27]
	at org.apache.catalina.core.ApplicationFilterChain.internalDoFilter(ApplicationFilterChain.java:178) ~[tomcat-embed-core-9.0.75.jar:9.0.75]
	at org.apache.catalina.core.ApplicationFilterChain.doFilter(ApplicationFilterChain.java:153) ~[tomcat-embed-core-9.0.75.jar:9.0.75]
	at org.apache.catalina.core.StandardWrapperValve.invoke(StandardWrapperValve.java:167) ~[tomcat-embed-core-9.0.75.jar:9.0.75]
	at org.apache.catalina.core.StandardContextValve.invoke(StandardContextValve.java:90) ~[tomcat-embed-core-9.0.75.jar:9.0.75]
	at org.apache.catalina.authenticator.AuthenticatorBase.invoke(AuthenticatorBase.java:481) ~[tomcat-embed-core-9.0.75.jar:9.0.75]
	at org.apache.catalina.core.StandardHostValve.invoke(StandardHostValve.java:130) ~[tomcat-embed-core-9.0.75.jar:9.0.75]
	at org.apache.catalina.valves.ErrorReportValve.invoke(ErrorReportValve.java:93) ~[tomcat-embed-core-9.0.75.jar:9.0.75]
	at org.apache.catalina.core.StandardEngineValve.invoke(StandardEngineValve.java:74) ~[tomcat-embed-core-9.0.75.jar:9.0.75]
	at org.apache.catalina.connector.CoyoteAdapter.service(CoyoteAdapter.java:343) ~[tomcat-embed-core-9.0.75.jar:9.0.75]
	at org.apache.coyote.http11.Http11Processor.service(Http11Processor.java:390) ~[tomcat-embed-core-9.0.75.jar:9.0.75]
	at org.apache.coyote.AbstractProcessorLight.process(AbstractProcessorLight.java:63) ~[tomcat-embed-core-9.0.75.jar:9.0.75]
	at org.apache.coyote.AbstractProtocol$ConnectionHandler.process(AbstractProtocol.java:926) ~[tomcat-embed-core-9.0.75.jar:9.0.75]
	at org.apache.tomcat.util.net.NioEndpoint$SocketProcessor.doRun(NioEndpoint.java:1791) ~[tomcat-embed-core-9.0.75.jar:9.0.75]
	at org.apache.tomcat.util.net.SocketProcessorBase.run(SocketProcessorBase.java:52) ~[tomcat-embed-core-9.0.75.jar:9.0.75]
	at org.apache.tomcat.util.threads.ThreadPoolExecutor.runWorker(ThreadPoolExecutor.java:1191) ~[tomcat-embed-core-9.0.75.jar:9.0.75]
	at org.apache.tomcat.util.threads.ThreadPoolExecutor$Worker.run(ThreadPoolExecutor.java:659) ~[tomcat-embed-core-9.0.75.jar:9.0.75]
	at org.apache.tomcat.util.threads.TaskThread$WrappingRunnable.run(TaskThread.java:61) ~[tomcat-embed-core-9.0.75.jar:9.0.75]
	at java.base/java.lang.Thread.run(Thread.java:834) ~[na:na]

16:53:02:178  WARN 17208 --- [Thread-7] c.a.n.common.http.HttpClientBeanHolder   : [HttpClientBeanHolder] Start destroying common HttpClient
16:53:02:178  WARN 17208 --- [Thread-4] c.a.nacos.common.notify.NotifyCenter     : [NotifyCenter] Start destroying Publisher
16:53:02:178  WARN 17208 --- [Thread-4] c.a.nacos.common.notify.NotifyCenter     : [NotifyCenter] Destruction of the end
16:53:02:180  WARN 17208 --- [Thread-7] c.a.n.common.http.HttpClientBeanHolder   : [HttpClientBeanHolder] Destruction of the end
16:53:02:581  INFO 17208 --- [SpringApplicationShutdownHook] c.a.c.n.registry.NacosServiceRegistry    : De-registering from Nacos Server now...
16:53:02:588  INFO 17208 --- [SpringApplicationShutdownHook] c.a.c.n.registry.NacosServiceRegistry    : De-registration finished.
16:53:02:912  INFO 17208 --- [SpringApplicationShutdownHook] com.alibaba.nacos.common.remote.client   : Shutdown rpc client, set status to shutdown
16:53:02:912  INFO 17208 --- [SpringApplicationShutdownHook] com.alibaba.nacos.common.remote.client   : Shutdown client event executor java.util.concurrent.ScheduledThreadPoolExecutor@6de11507[Running, pool size = 2, active threads = 2, queued tasks = 0, completed tasks = 0]
16:53:02:912  INFO 17208 --- [SpringApplicationShutdownHook] com.alibaba.nacos.common.remote.client   : Close current connection 1756283234671_192.168.150.1_8046
16:53:02:916  INFO 17208 --- [nacos-grpc-client-executor-174] c.a.n.c.remote.client.grpc.GrpcClient    : [1756283234671_192.168.150.1_8046]Ignore complete event,isRunning:false,isAbandon=false
16:53:02:929  INFO 17208 --- [SpringApplicationShutdownHook] c.a.n.c.remote.client.grpc.GrpcClient    : Shutdown grpc executor java.util.concurrent.ThreadPoolExecutor@7956c6cb[Running, pool size = 5, active threads = 0, queued tasks = 0, completed tasks = 175]
16:53:02:937  INFO 17208 --- [SpringApplicationShutdownHook] com.zaxxer.hikari.HikariDataSource       : HikariPool-1 - Shutdown initiated...
16:53:02:954  INFO 17208 --- [SpringApplicationShutdownHook] com.zaxxer.hikari.HikariDataSource       : HikariPool-1 - Shutdown completed.
16:53:07:995  INFO 7976 --- [main] com.hmall.pay.PayApplication             : Starting PayApplication using Java 11.0.19 on Dell_5511 with PID 7976 (D:\01_StudyWork\JavaProject\hmall\pay-service\target\classes started by a1831 in D:\01_StudyWork\JavaProject\hmall)
16:53:07:998 DEBUG 7976 --- [main] com.hmall.pay.PayApplication             : Running with Spring Boot v2.7.12, Spring v5.3.27
16:53:07:998  INFO 7976 --- [main] com.hmall.pay.PayApplication             : The following 1 profile is active: "local"
16:53:08:935  INFO 7976 --- [main] o.s.cloud.context.scope.GenericScope     : BeanFactory id=0e26c833-f2d6-3ac1-ae02-a6f6793390d4
16:53:09:229  INFO 7976 --- [main] o.s.b.w.embedded.tomcat.TomcatWebServer  : Tomcat initialized with port(s): 8086 (http)
16:53:09:230  INFO 7976 --- [main] o.a.catalina.core.AprLifecycleListener   : Loaded Apache Tomcat Native library [1.3.1] using APR version [1.7.4].
16:53:09:230  INFO 7976 --- [main] o.a.catalina.core.AprLifecycleListener   : APR capabilities: IPv6 [true], sendfile [true], accept filters [false], random [true], UDS [true].
16:53:09:230  INFO 7976 --- [main] o.a.catalina.core.AprLifecycleListener   : APR/OpenSSL configuration: useAprConnector [false], useOpenSSL [true]
16:53:09:235  INFO 7976 --- [main] o.a.catalina.core.AprLifecycleListener   : OpenSSL successfully initialized [OpenSSL 3.0.14 4 Jun 2024]
16:53:09:243  INFO 7976 --- [main] o.apache.catalina.core.StandardService   : Starting service [Tomcat]
16:53:09:243  INFO 7976 --- [main] org.apache.catalina.core.StandardEngine  : Starting Servlet engine: [Apache Tomcat/9.0.75]
16:53:09:389  INFO 7976 --- [main] o.a.c.c.C.[Tomcat].[localhost].[/]       : Initializing Spring embedded WebApplicationContext
16:53:09:390  INFO 7976 --- [main] w.s.c.ServletWebServerApplicationContext : Root WebApplicationContext: initialization completed in 1357 ms
16:53:09:592  INFO 7976 --- [main] o.s.c.openfeign.FeignClientFactoryBean   : For 'user-service' URL not provided. Will try picking an instance via load-balancing.
16:53:09:650  INFO 7976 --- [main] o.s.c.openfeign.FeignClientFactoryBean   : For 'trade-server' URL not provided. Will try picking an instance via load-balancing.
16:53:11:126  INFO 7976 --- [main] pertySourcedRequestMappingHandlerMapping : Mapped URL path [/v2/api-docs] onto method [springfox.documentation.swagger2.web.Swagger2ControllerWebMvc#getDocumentation(String, HttpServletRequest)]
16:53:11:878  INFO 7976 --- [main] com.alibaba.nacos.common.remote.client   : [RpcClientFactory] create a new rpc client of f56feb83-0d86-4efc-917e-d807d2f07730
16:53:11:926  INFO 7976 --- [main] org.reflections.Reflections              : Reflections took 24 ms to scan 1 urls, producing 3 keys and 6 values 
16:53:11:951  INFO 7976 --- [main] org.reflections.Reflections              : Reflections took 8 ms to scan 1 urls, producing 4 keys and 9 values 
16:53:11:962  INFO 7976 --- [main] org.reflections.Reflections              : Reflections took 6 ms to scan 1 urls, producing 3 keys and 10 values 
16:53:11:965  WARN 7976 --- [main] org.reflections.Reflections              : given scan urls are empty. set urls in the configuration
16:53:11:971  INFO 7976 --- [main] org.reflections.Reflections              : Reflections took 6 ms to scan 1 urls, producing 1 keys and 5 values 
16:53:11:980  INFO 7976 --- [main] org.reflections.Reflections              : Reflections took 6 ms to scan 1 urls, producing 1 keys and 7 values 
16:53:11:988  INFO 7976 --- [main] org.reflections.Reflections              : Reflections took 6 ms to scan 1 urls, producing 2 keys and 8 values 
16:53:11:991  WARN 7976 --- [main] org.reflections.Reflections              : given scan urls are empty. set urls in the configuration
16:53:11:992  INFO 7976 --- [main] com.alibaba.nacos.common.remote.client   : [f56feb83-0d86-4efc-917e-d807d2f07730] RpcClient init label, labels = {module=naming, source=sdk}
16:53:11:993  INFO 7976 --- [main] com.alibaba.nacos.common.remote.client   : [f56feb83-0d86-4efc-917e-d807d2f07730] RpcClient init, ServerListFactory = com.alibaba.nacos.client.naming.core.ServerListManager
16:53:11:993  INFO 7976 --- [main] com.alibaba.nacos.common.remote.client   : [f56feb83-0d86-4efc-917e-d807d2f07730] Registry connection listener to current client:com.alibaba.nacos.client.naming.remote.gprc.redo.NamingGrpcRedoService
16:53:11:994  INFO 7976 --- [main] com.alibaba.nacos.common.remote.client   : [f56feb83-0d86-4efc-917e-d807d2f07730] Register server push request handler:com.alibaba.nacos.client.naming.remote.gprc.NamingPushRequestHandler
16:53:11:995  INFO 7976 --- [main] com.alibaba.nacos.common.remote.client   : [f56feb83-0d86-4efc-917e-d807d2f07730] Try to connect to server on start up, server: {serverIp = '192.168.150.131', server main port = 8848}
16:53:13:816  INFO 7976 --- [main] com.alibaba.nacos.common.remote.client   : [f56feb83-0d86-4efc-917e-d807d2f07730] Success to connect to server [192.168.150.131:8848] on start up, connectionId = 1756284054960_192.168.150.1_7244
16:53:13:818  INFO 7976 --- [main] com.alibaba.nacos.common.remote.client   : [f56feb83-0d86-4efc-917e-d807d2f07730] Register server push request handler:com.alibaba.nacos.common.remote.client.RpcClient$ConnectResetRequestHandler
16:53:13:818  INFO 7976 --- [com.alibaba.nacos.client.remote.worker] com.alibaba.nacos.common.remote.client   : [f56feb83-0d86-4efc-917e-d807d2f07730] Notify connected event to listeners.
16:53:13:820  INFO 7976 --- [main] com.alibaba.nacos.common.remote.client   : [f56feb83-0d86-4efc-917e-d807d2f07730] Register server push request handler:com.alibaba.nacos.common.remote.client.RpcClient$$Lambda$1070/0x0000000800744040
16:53:13:870  INFO 7976 --- [main] o.s.b.w.embedded.tomcat.TomcatWebServer  : Tomcat started on port(s): 8086 (http) with context path ''
16:53:13:881  INFO 7976 --- [main] c.a.c.n.registry.NacosServiceRegistry    : nacos registry, DEFAULT_GROUP pay-service 10.168.1.127:8086 register finished
16:53:14:311  INFO 7976 --- [main] d.s.w.p.DocumentationPluginsBootstrapper : Documentation plugins bootstrapped
16:53:14:315  INFO 7976 --- [main] d.s.w.p.DocumentationPluginsBootstrapper : Found 1 custom documentation plugin(s)
16:53:14:321  INFO 7976 --- [nacos-grpc-client-executor-9] com.alibaba.nacos.common.remote.client   : [f56feb83-0d86-4efc-917e-d807d2f07730] Receive server push request, request = NotifySubscriberRequest, requestId = 33
16:53:14:325  INFO 7976 --- [nacos-grpc-client-executor-9] com.alibaba.nacos.common.remote.client   : [f56feb83-0d86-4efc-917e-d807d2f07730] Ack server push request, request = NotifySubscriberRequest, requestId = 33
16:53:14:339  INFO 7976 --- [main] s.d.s.w.s.ApiListingReferenceScanner     : Scanning for api listing references
16:53:14:405  INFO 7976 --- [main] com.hmall.pay.PayApplication             : Started PayApplication in 7.415 seconds (JVM running for 8.42)
16:53:19:739  INFO 7976 --- [http-nio-8086-exec-1] o.a.c.c.C.[Tomcat].[localhost].[/]       : Initializing Spring DispatcherServlet 'dispatcherServlet'
16:53:19:739  INFO 7976 --- [http-nio-8086-exec-1] o.s.web.servlet.DispatcherServlet        : Initializing Servlet 'dispatcherServlet'
16:53:19:741  INFO 7976 --- [http-nio-8086-exec-1] o.s.web.servlet.DispatcherServlet        : Completed initialization in 1 ms
16:53:19:791  INFO 7976 --- [http-nio-8086-exec-1] com.zaxxer.hikari.HikariDataSource       : HikariPool-1 - Starting...
16:53:19:989  INFO 7976 --- [http-nio-8086-exec-1] com.zaxxer.hikari.HikariDataSource       : HikariPool-1 - Start completed.
16:53:20:017 DEBUG 7976 --- [http-nio-8086-exec-1] c.h.p.mapper.PayOrderMapper.selectById   : ==>  Preparing: SELECT id,biz_order_no,pay_order_no,biz_user_id,pay_channel_code,amount,pay_type,status,expand_json,result_code,result_msg,pay_success_time,pay_over_time,qr_code_url,create_time,update_time,creater,updater,is_delete FROM pay_order WHERE id=?
16:53:20:034 DEBUG 7976 --- [http-nio-8086-exec-1] c.h.p.mapper.PayOrderMapper.selectById   : ==> Parameters: 1960625244929470467(Long)
16:53:20:057 DEBUG 7976 --- [http-nio-8086-exec-1] c.h.p.mapper.PayOrderMapper.selectById   : <==      Total: 1
16:53:20:063 DEBUG 7976 --- [http-nio-8086-exec-1] com.hmall.api.client.UserClient          : [UserClient#deductMoney] ---> PUT http://user-service/users/money/deduct?pw=123&amount=200400 HTTP/1.1
16:53:20:063 DEBUG 7976 --- [http-nio-8086-exec-1] com.hmall.api.client.UserClient          : [UserClient#deductMoney] user-info: 1
16:53:20:064 DEBUG 7976 --- [http-nio-8086-exec-1] com.hmall.api.client.UserClient          : [UserClient#deductMoney] ---> END HTTP (0-byte body)
16:53:20:294 DEBUG 7976 --- [http-nio-8086-exec-1] com.hmall.api.client.UserClient          : [UserClient#deductMoney] <--- HTTP/1.1 200 (229ms)
16:53:20:294 DEBUG 7976 --- [http-nio-8086-exec-1] com.hmall.api.client.UserClient          : [UserClient#deductMoney] connection: keep-alive
16:53:20:294 DEBUG 7976 --- [http-nio-8086-exec-1] com.hmall.api.client.UserClient          : [UserClient#deductMoney] content-length: 0
16:53:20:294 DEBUG 7976 --- [http-nio-8086-exec-1] com.hmall.api.client.UserClient          : [UserClient#deductMoney] date: Wed, 27 Aug 2025 08:53:20 GMT
16:53:20:294 DEBUG 7976 --- [http-nio-8086-exec-1] com.hmall.api.client.UserClient          : [UserClient#deductMoney] keep-alive: timeout=60
16:53:20:294 DEBUG 7976 --- [http-nio-8086-exec-1] com.hmall.api.client.UserClient          : [UserClient#deductMoney] 
16:53:20:294 DEBUG 7976 --- [http-nio-8086-exec-1] com.hmall.api.client.UserClient          : [UserClient#deductMoney] <--- END HTTP (0-byte body)
16:53:20:338 DEBUG 7976 --- [http-nio-8086-exec-1] c.h.pay.mapper.PayOrderMapper.update     : ==>  Preparing: UPDATE pay_order SET status=?,pay_success_time=? WHERE (id = ? AND status IN (?,?))
16:53:20:343 DEBUG 7976 --- [http-nio-8086-exec-1] c.h.pay.mapper.PayOrderMapper.update     : ==> Parameters: 3(Integer), 2025-08-27T16:53:20.295759(LocalDateTime), 1960625244929470467(Long), 0(Integer), 1(Integer)
16:53:20:346 DEBUG 7976 --- [http-nio-8086-exec-1] c.h.pay.mapper.PayOrderMapper.update     : <==    Updates: 1
16:53:20:350  INFO 7976 --- [http-nio-8086-exec-1] o.s.a.r.c.CachingConnectionFactory       : Attempting to connect to: [192.168.150.131:5672]
16:53:20:378  INFO 7976 --- [http-nio-8086-exec-1] o.s.a.r.c.CachingConnectionFactory       : Created new connection: rabbitConnectionFactory#30afb481:0/SimpleConnection@5249a3bd [delegate=amqp://hmall@192.168.150.131:5672//hmall, localPort= 7271]
16:53:20:651  INFO 7976 --- [nacos-grpc-client-executor-12] com.alibaba.nacos.common.remote.client   : [f56feb83-0d86-4efc-917e-d807d2f07730] Receive server push request, request = NotifySubscriberRequest, requestId = 35
16:53:20:652  INFO 7976 --- [nacos-grpc-client-executor-12] com.alibaba.nacos.common.remote.client   : [f56feb83-0d86-4efc-917e-d807d2f07730] Ack server push request, request = NotifySubscriberRequest, requestId = 35
16:55:28:822 DEBUG 7976 --- [http-nio-8086-exec-9] c.h.p.mapper.PayOrderMapper.selectList   : ==>  Preparing: SELECT id,biz_order_no,pay_order_no,biz_user_id,pay_channel_code,amount,pay_type,status,expand_json,result_code,result_msg,pay_success_time,pay_over_time,qr_code_url,create_time,update_time,creater,updater,is_delete FROM pay_order WHERE (biz_order_no = ?)
16:55:28:823 DEBUG 7976 --- [http-nio-8086-exec-9] c.h.p.mapper.PayOrderMapper.selectList   : ==> Parameters: 1960627210988503042(Long)
16:55:28:825 DEBUG 7976 --- [http-nio-8086-exec-9] c.h.p.mapper.PayOrderMapper.selectList   : <==      Total: 0
16:55:28:891 DEBUG 7976 --- [http-nio-8086-exec-9] c.h.pay.mapper.PayOrderMapper.insert     : ==>  Preparing: INSERT INTO pay_order ( id, biz_order_no, pay_order_no, biz_user_id, pay_channel_code, amount, pay_type, status, pay_over_time ) VALUES ( ?, ?, ?, ?, ?, ?, ?, ?, ? )
16:55:28:892 DEBUG 7976 --- [http-nio-8086-exec-9] c.h.pay.mapper.PayOrderMapper.insert     : ==> Parameters: 1960627212833923075(Long), 1960627210988503042(Long), 1960627212833923074(Long), 1(Long), balance(String), 35400(Integer), 5(Integer), 1(Integer), 2025-08-27T18:55:28.888049100(LocalDateTime)
16:55:28:897 DEBUG 7976 --- [http-nio-8086-exec-9] c.h.pay.mapper.PayOrderMapper.insert     : <==    Updates: 1
16:55:31:260 DEBUG 7976 --- [http-nio-8086-exec-3] c.h.p.mapper.PayOrderMapper.selectById   : ==>  Preparing: SELECT id,biz_order_no,pay_order_no,biz_user_id,pay_channel_code,amount,pay_type,status,expand_json,result_code,result_msg,pay_success_time,pay_over_time,qr_code_url,create_time,update_time,creater,updater,is_delete FROM pay_order WHERE id=?
16:55:31:261 DEBUG 7976 --- [http-nio-8086-exec-3] c.h.p.mapper.PayOrderMapper.selectById   : ==> Parameters: 1960627212833923075(Long)
16:55:31:262 DEBUG 7976 --- [http-nio-8086-exec-3] c.h.p.mapper.PayOrderMapper.selectById   : <==      Total: 1
16:55:31:263 DEBUG 7976 --- [http-nio-8086-exec-3] com.hmall.api.client.UserClient          : [UserClient#deductMoney] ---> PUT http://user-service/users/money/deduct?pw=123&amount=35400 HTTP/1.1
16:55:31:263 DEBUG 7976 --- [http-nio-8086-exec-3] com.hmall.api.client.UserClient          : [UserClient#deductMoney] user-info: 1
16:55:31:263 DEBUG 7976 --- [http-nio-8086-exec-3] com.hmall.api.client.UserClient          : [UserClient#deductMoney] ---> END HTTP (0-byte body)
16:55:31:370 DEBUG 7976 --- [http-nio-8086-exec-3] com.hmall.api.client.UserClient          : [UserClient#deductMoney] <--- HTTP/1.1 200 (106ms)
16:55:31:371 DEBUG 7976 --- [http-nio-8086-exec-3] com.hmall.api.client.UserClient          : [UserClient#deductMoney] connection: keep-alive
16:55:31:371 DEBUG 7976 --- [http-nio-8086-exec-3] com.hmall.api.client.UserClient          : [UserClient#deductMoney] content-length: 0
16:55:31:371 DEBUG 7976 --- [http-nio-8086-exec-3] com.hmall.api.client.UserClient          : [UserClient#deductMoney] date: Wed, 27 Aug 2025 08:55:31 GMT
16:55:31:371 DEBUG 7976 --- [http-nio-8086-exec-3] com.hmall.api.client.UserClient          : [UserClient#deductMoney] keep-alive: timeout=60
16:55:31:371 DEBUG 7976 --- [http-nio-8086-exec-3] com.hmall.api.client.UserClient          : [UserClient#deductMoney] 
16:55:31:371 DEBUG 7976 --- [http-nio-8086-exec-3] com.hmall.api.client.UserClient          : [UserClient#deductMoney] <--- END HTTP (0-byte body)
16:55:31:374 DEBUG 7976 --- [http-nio-8086-exec-3] c.h.pay.mapper.PayOrderMapper.update     : ==>  Preparing: UPDATE pay_order SET status=?,pay_success_time=? WHERE (id = ? AND status IN (?,?))
16:55:31:374 DEBUG 7976 --- [http-nio-8086-exec-3] c.h.pay.mapper.PayOrderMapper.update     : ==> Parameters: 3(Integer), 2025-08-27T16:55:31.371626900(LocalDateTime), 1960627212833923075(Long), 0(Integer), 1(Integer)
16:55:31:376 DEBUG 7976 --- [http-nio-8086-exec-3] c.h.pay.mapper.PayOrderMapper.update     : <==    Updates: 1
17:59:18:365  WARN 7976 --- [Thread-4] c.a.nacos.common.notify.NotifyCenter     : [NotifyCenter] Start destroying Publisher
17:59:18:365  WARN 7976 --- [Thread-7] c.a.n.common.http.HttpClientBeanHolder   : [HttpClientBeanHolder] Start destroying common HttpClient
17:59:18:366  WARN 7976 --- [Thread-4] c.a.nacos.common.notify.NotifyCenter     : [NotifyCenter] Destruction of the end
17:59:18:367  WARN 7976 --- [Thread-7] c.a.n.common.http.HttpClientBeanHolder   : [HttpClientBeanHolder] Destruction of the end
17:59:19:082  INFO 7976 --- [SpringApplicationShutdownHook] c.a.c.n.registry.NacosServiceRegistry    : De-registering from Nacos Server now...
17:59:19:087  INFO 7976 --- [SpringApplicationShutdownHook] c.a.c.n.registry.NacosServiceRegistry    : De-registration finished.
17:59:19:416  INFO 7976 --- [SpringApplicationShutdownHook] com.alibaba.nacos.common.remote.client   : Shutdown rpc client, set status to shutdown
17:59:19:416  INFO 7976 --- [SpringApplicationShutdownHook] com.alibaba.nacos.common.remote.client   : Shutdown client event executor java.util.concurrent.ScheduledThreadPoolExecutor@3d3dda72[Running, pool size = 2, active threads = 2, queued tasks = 0, completed tasks = 0]
17:59:19:416  INFO 7976 --- [SpringApplicationShutdownHook] com.alibaba.nacos.common.remote.client   : Close current connection 1756284054960_192.168.150.1_7244
17:59:19:418  INFO 7976 --- [nacos-grpc-client-executor-824] c.a.n.c.remote.client.grpc.GrpcClient    : [1756284054960_192.168.150.1_7244]Ignore complete event,isRunning:false,isAbandon=false
17:59:19:422  INFO 7976 --- [SpringApplicationShutdownHook] c.a.n.c.remote.client.grpc.GrpcClient    : Shutdown grpc executor java.util.concurrent.ThreadPoolExecutor@79ad09f1[Running, pool size = 6, active threads = 0, queued tasks = 0, completed tasks = 825]
17:59:19:426  INFO 7976 --- [SpringApplicationShutdownHook] com.zaxxer.hikari.HikariDataSource       : HikariPool-1 - Shutdown initiated...
17:59:19:439  INFO 7976 --- [SpringApplicationShutdownHook] com.zaxxer.hikari.HikariDataSource       : HikariPool-1 - Shutdown completed.
