16:32:22:903  INFO 6656 --- [main] com.hmall.gateway.GatewayApplication     : The following 1 profile is active: "dev"
16:32:23:469 ERROR 6656 --- [main] o.s.boot.SpringApplication               : Application run failed

java.lang.IllegalStateException: Error processing condition on org.springframework.boot.autoconfigure.jmx.JmxAutoConfiguration.mbeanExporter
	at org.springframework.boot.autoconfigure.condition.SpringBootCondition.matches(SpringBootCondition.java:60) ~[spring-boot-autoconfigure-2.7.12.jar:2.7.12]
	at org.springframework.context.annotation.ConditionEvaluator.shouldSkip(ConditionEvaluator.java:108) ~[spring-context-5.3.27.jar:5.3.27]
	at org.springframework.context.annotation.ConfigurationClassBeanDefinitionReader.loadBeanDefinitionsForBeanMethod(ConfigurationClassBeanDefinitionReader.java:193) ~[spring-context-5.3.27.jar:5.3.27]
	at org.springframework.context.annotation.ConfigurationClassBeanDefinitionReader.loadBeanDefinitionsForConfigurationClass(ConfigurationClassBeanDefinitionReader.java:153) ~[spring-context-5.3.27.jar:5.3.27]
	at org.springframework.context.annotation.ConfigurationClassBeanDefinitionReader.loadBeanDefinitions(ConfigurationClassBeanDefinitionReader.java:129) ~[spring-context-5.3.27.jar:5.3.27]
	at org.springframework.context.annotation.ConfigurationClassPostProcessor.processConfigBeanDefinitions(ConfigurationClassPostProcessor.java:343) ~[spring-context-5.3.27.jar:5.3.27]
	at org.springframework.context.annotation.ConfigurationClassPostProcessor.postProcessBeanDefinitionRegistry(ConfigurationClassPostProcessor.java:247) ~[spring-context-5.3.27.jar:5.3.27]
	at org.springframework.context.support.PostProcessorRegistrationDelegate.invokeBeanDefinitionRegistryPostProcessors(PostProcessorRegistrationDelegate.java:311) ~[spring-context-5.3.27.jar:5.3.27]
	at org.springframework.context.support.PostProcessorRegistrationDelegate.invokeBeanFactoryPostProcessors(PostProcessorRegistrationDelegate.java:112) ~[spring-context-5.3.27.jar:5.3.27]
	at org.springframework.context.support.AbstractApplicationContext.invokeBeanFactoryPostProcessors(AbstractApplicationContext.java:748) ~[spring-context-5.3.27.jar:5.3.27]
	at org.springframework.context.support.AbstractApplicationContext.refresh(AbstractApplicationContext.java:564) ~[spring-context-5.3.27.jar:5.3.27]
	at org.springframework.boot.web.reactive.context.ReactiveWebServerApplicationContext.refresh(ReactiveWebServerApplicationContext.java:66) ~[spring-boot-2.7.12.jar:2.7.12]
	at org.springframework.boot.SpringApplication.refresh(SpringApplication.java:731) ~[spring-boot-2.7.12.jar:2.7.12]
	at org.springframework.boot.SpringApplication.refreshContext(SpringApplication.java:408) ~[spring-boot-2.7.12.jar:2.7.12]
	at org.springframework.boot.SpringApplication.run(SpringApplication.java:307) ~[spring-boot-2.7.12.jar:2.7.12]
	at org.springframework.boot.SpringApplication.run(SpringApplication.java:1303) ~[spring-boot-2.7.12.jar:2.7.12]
	at org.springframework.boot.SpringApplication.run(SpringApplication.java:1292) ~[spring-boot-2.7.12.jar:2.7.12]
	at com.hmall.gateway.GatewayApplication.main(GatewayApplication.java:9) ~[classes/:na]
Caused by: java.lang.IllegalStateException: Failed to introspect Class [com.hmall.common.config.MqConfig] from ClassLoader [jdk.internal.loader.ClassLoaders$AppClassLoader@2437c6dc]
	at org.springframework.util.ReflectionUtils.getDeclaredMethods(ReflectionUtils.java:485) ~[spring-core-5.3.27.jar:5.3.27]
	at org.springframework.util.ReflectionUtils.doWithMethods(ReflectionUtils.java:361) ~[spring-core-5.3.27.jar:5.3.27]
	at org.springframework.util.ReflectionUtils.getUniqueDeclaredMethods(ReflectionUtils.java:418) ~[spring-core-5.3.27.jar:5.3.27]
	at org.springframework.beans.factory.support.AbstractAutowireCapableBeanFactory.lambda$getTypeForFactoryMethod$2(AbstractAutowireCapableBeanFactory.java:765) ~[spring-beans-5.3.27.jar:5.3.27]
	at java.base/java.util.concurrent.ConcurrentHashMap.computeIfAbsent(ConcurrentHashMap.java:1705) ~[na:na]
	at org.springframework.beans.factory.support.AbstractAutowireCapableBeanFactory.getTypeForFactoryMethod(AbstractAutowireCapableBeanFactory.java:764) ~[spring-beans-5.3.27.jar:5.3.27]
	at org.springframework.beans.factory.support.AbstractAutowireCapableBeanFactory.determineTargetType(AbstractAutowireCapableBeanFactory.java:703) ~[spring-beans-5.3.27.jar:5.3.27]
	at org.springframework.beans.factory.support.AbstractAutowireCapableBeanFactory.predictBeanType(AbstractAutowireCapableBeanFactory.java:674) ~[spring-beans-5.3.27.jar:5.3.27]
	at org.springframework.beans.factory.support.AbstractBeanFactory.isFactoryBean(AbstractBeanFactory.java:1684) ~[spring-beans-5.3.27.jar:5.3.27]
	at org.springframework.beans.factory.support.DefaultListableBeanFactory.doGetBeanNamesForType(DefaultListableBeanFactory.java:570) ~[spring-beans-5.3.27.jar:5.3.27]
	at org.springframework.beans.factory.support.DefaultListableBeanFactory.getBeanNamesForType(DefaultListableBeanFactory.java:542) ~[spring-beans-5.3.27.jar:5.3.27]
	at org.springframework.boot.autoconfigure.condition.OnBeanCondition.collectBeanNamesForType(OnBeanCondition.java:246) ~[spring-boot-autoconfigure-2.7.12.jar:2.7.12]
	at org.springframework.boot.autoconfigure.condition.OnBeanCondition.getBeanNamesForType(OnBeanCondition.java:239) ~[spring-boot-autoconfigure-2.7.12.jar:2.7.12]
	at org.springframework.boot.autoconfigure.condition.OnBeanCondition.getBeanNamesForType(OnBeanCondition.java:229) ~[spring-boot-autoconfigure-2.7.12.jar:2.7.12]
	at org.springframework.boot.autoconfigure.condition.OnBeanCondition.getMatchingBeans(OnBeanCondition.java:182) ~[spring-boot-autoconfigure-2.7.12.jar:2.7.12]
	at org.springframework.boot.autoconfigure.condition.OnBeanCondition.getMatchOutcome(OnBeanCondition.java:157) ~[spring-boot-autoconfigure-2.7.12.jar:2.7.12]
	at org.springframework.boot.autoconfigure.condition.SpringBootCondition.matches(SpringBootCondition.java:47) ~[spring-boot-autoconfigure-2.7.12.jar:2.7.12]
	... 17 common frames omitted
Caused by: java.lang.NoClassDefFoundError: org/springframework/amqp/support/converter/MessageConverter
	at java.base/java.lang.Class.getDeclaredMethods0(Native Method) ~[na:na]
	at java.base/java.lang.Class.privateGetDeclaredMethods(Class.java:3166) ~[na:na]
	at java.base/java.lang.Class.getDeclaredMethods(Class.java:2309) ~[na:na]
	at org.springframework.util.ReflectionUtils.getDeclaredMethods(ReflectionUtils.java:467) ~[spring-core-5.3.27.jar:5.3.27]
	... 33 common frames omitted
Caused by: java.lang.ClassNotFoundException: org.springframework.amqp.support.converter.MessageConverter
	at java.base/jdk.internal.loader.BuiltinClassLoader.loadClass(BuiltinClassLoader.java:581) ~[na:na]
	at java.base/jdk.internal.loader.ClassLoaders$AppClassLoader.loadClass(ClassLoaders.java:178) ~[na:na]
	at java.base/java.lang.ClassLoader.loadClass(ClassLoader.java:521) ~[na:na]
	... 37 common frames omitted

16:32:23:472  WARN 6656 --- [main] o.s.boot.SpringApplication               : Unable to close ApplicationContext

java.lang.IllegalStateException: Failed to introspect Class [com.hmall.common.config.MqConfig] from ClassLoader [jdk.internal.loader.ClassLoaders$AppClassLoader@2437c6dc]
	at org.springframework.util.ReflectionUtils.getDeclaredMethods(ReflectionUtils.java:485) ~[spring-core-5.3.27.jar:5.3.27]
	at org.springframework.util.ReflectionUtils.doWithMethods(ReflectionUtils.java:361) ~[spring-core-5.3.27.jar:5.3.27]
	at org.springframework.util.ReflectionUtils.getUniqueDeclaredMethods(ReflectionUtils.java:418) ~[spring-core-5.3.27.jar:5.3.27]
	at org.springframework.beans.factory.support.AbstractAutowireCapableBeanFactory.lambda$getTypeForFactoryMethod$2(AbstractAutowireCapableBeanFactory.java:765) ~[spring-beans-5.3.27.jar:5.3.27]
	at java.base/java.util.concurrent.ConcurrentHashMap.computeIfAbsent(ConcurrentHashMap.java:1705) ~[na:na]
	at org.springframework.beans.factory.support.AbstractAutowireCapableBeanFactory.getTypeForFactoryMethod(AbstractAutowireCapableBeanFactory.java:764) ~[spring-beans-5.3.27.jar:5.3.27]
	at org.springframework.beans.factory.support.AbstractAutowireCapableBeanFactory.determineTargetType(AbstractAutowireCapableBeanFactory.java:703) ~[spring-beans-5.3.27.jar:5.3.27]
	at org.springframework.beans.factory.support.AbstractAutowireCapableBeanFactory.predictBeanType(AbstractAutowireCapableBeanFactory.java:674) ~[spring-beans-5.3.27.jar:5.3.27]
	at org.springframework.beans.factory.support.AbstractBeanFactory.isFactoryBean(AbstractBeanFactory.java:1684) ~[spring-beans-5.3.27.jar:5.3.27]
	at org.springframework.beans.factory.support.DefaultListableBeanFactory.doGetBeanNamesForType(DefaultListableBeanFactory.java:570) ~[spring-beans-5.3.27.jar:5.3.27]
	at org.springframework.beans.factory.support.DefaultListableBeanFactory.getBeanNamesForType(DefaultListableBeanFactory.java:542) ~[spring-beans-5.3.27.jar:5.3.27]
	at org.springframework.beans.factory.support.DefaultListableBeanFactory.getBeansOfType(DefaultListableBeanFactory.java:669) ~[spring-beans-5.3.27.jar:5.3.27]
	at org.springframework.beans.factory.support.DefaultListableBeanFactory.getBeansOfType(DefaultListableBeanFactory.java:661) ~[spring-beans-5.3.27.jar:5.3.27]
	at org.springframework.context.support.AbstractApplicationContext.getBeansOfType(AbstractApplicationContext.java:1302) ~[spring-context-5.3.27.jar:5.3.27]
	at org.springframework.boot.SpringApplication.getExitCodeFromMappedException(SpringApplication.java:864) ~[spring-boot-2.7.12.jar:2.7.12]
	at org.springframework.boot.SpringApplication.getExitCodeFromException(SpringApplication.java:852) ~[spring-boot-2.7.12.jar:2.7.12]
	at org.springframework.boot.SpringApplication.handleExitCode(SpringApplication.java:839) ~[spring-boot-2.7.12.jar:2.7.12]
	at org.springframework.boot.SpringApplication.handleRunFailure(SpringApplication.java:779) ~[spring-boot-2.7.12.jar:2.7.12]
	at org.springframework.boot.SpringApplication.run(SpringApplication.java:317) ~[spring-boot-2.7.12.jar:2.7.12]
	at org.springframework.boot.SpringApplication.run(SpringApplication.java:1303) ~[spring-boot-2.7.12.jar:2.7.12]
	at org.springframework.boot.SpringApplication.run(SpringApplication.java:1292) ~[spring-boot-2.7.12.jar:2.7.12]
	at com.hmall.gateway.GatewayApplication.main(GatewayApplication.java:9) ~[classes/:na]
Caused by: java.lang.NoClassDefFoundError: org/springframework/amqp/support/converter/MessageConverter
	at java.base/java.lang.Class.getDeclaredMethods0(Native Method) ~[na:na]
	at java.base/java.lang.Class.privateGetDeclaredMethods(Class.java:3166) ~[na:na]
	at java.base/java.lang.Class.getDeclaredMethods(Class.java:2309) ~[na:na]
	at org.springframework.util.ReflectionUtils.getDeclaredMethods(ReflectionUtils.java:467) ~[spring-core-5.3.27.jar:5.3.27]
	... 21 common frames omitted
Caused by: java.lang.ClassNotFoundException: org.springframework.amqp.support.converter.MessageConverter
	at java.base/jdk.internal.loader.BuiltinClassLoader.loadClass(BuiltinClassLoader.java:581) ~[na:na]
	at java.base/jdk.internal.loader.ClassLoaders$AppClassLoader.loadClass(ClassLoaders.java:178) ~[na:na]
	at java.base/java.lang.ClassLoader.loadClass(ClassLoader.java:521) ~[na:na]
	... 25 common frames omitted

16:32:23:473  WARN 6656 --- [Thread-1] c.a.n.common.http.HttpClientBeanHolder   : [HttpClientBeanHolder] Start destroying common HttpClient
16:32:23:474  WARN 6656 --- [Thread-5] c.a.nacos.common.notify.NotifyCenter     : [NotifyCenter] Start destroying Publisher
16:32:23:476  WARN 6656 --- [Thread-5] c.a.nacos.common.notify.NotifyCenter     : [NotifyCenter] Destruction of the end
16:32:23:476  WARN 6656 --- [Thread-1] c.a.n.common.http.HttpClientBeanHolder   : [HttpClientBeanHolder] Destruction of the end
16:40:19:531  INFO 25136 --- [main] com.hmall.gateway.GatewayApplication     : The following 1 profile is active: "dev"
16:40:20:323  INFO 25136 --- [main] o.s.cloud.context.scope.GenericScope     : BeanFactory id=e6f095f1-2f15-3283-9f25-0c74a6c99974
16:40:20:373  INFO 25136 --- [main] trationDelegate$BeanPostProcessorChecker : Bean 'org.springframework.cloud.client.loadbalancer.reactive.LoadBalancerBeanPostProcessorAutoConfiguration' of type [org.springframework.cloud.client.loadbalancer.reactive.LoadBalancerBeanPostProcessorAutoConfiguration] is not eligible for getting processed by all BeanPostProcessors (for example: not eligible for auto-proxying)
16:40:20:374  INFO 25136 --- [main] trationDelegate$BeanPostProcessorChecker : Bean 'org.springframework.cloud.client.loadbalancer.reactive.LoadBalancerBeanPostProcessorAutoConfiguration$ReactorDeferringLoadBalancerFilterConfig' of type [org.springframework.cloud.client.loadbalancer.reactive.LoadBalancerBeanPostProcessorAutoConfiguration$ReactorDeferringLoadBalancerFilterConfig] is not eligible for getting processed by all BeanPostProcessors (for example: not eligible for auto-proxying)
16:40:20:375  INFO 25136 --- [main] trationDelegate$BeanPostProcessorChecker : Bean 'reactorDeferringLoadBalancerExchangeFilterFunction' of type [org.springframework.cloud.client.loadbalancer.reactive.DeferringLoadBalancerExchangeFilterFunction] is not eligible for getting processed by all BeanPostProcessors (for example: not eligible for auto-proxying)
16:40:20:993 DEBUG 25136 --- [main] c.h.gateway.routers.DynamicRouteLoader   : 监听到路由配置变更，[
    {
        "id": "item",
        "predicates": [{
            "name": "Path",
            "args": {"_genkey_0":"/items/**", "_genkey_1":"/search/**"}
        }],
        "filters": [],
        "uri": "lb://item-service"
    },
    {
        "id": "cart",
        "predicates": [{
            "name": "Path",
            "args": {"_genkey_0":"/carts/**"}
        }],
        "filters": [],
        "uri": "lb://cart-service"
    },
    {
        "id": "user",
        "predicates": [{
            "name": "Path",
            "args": {"_genkey_0":"/users/**", "_genkey_1":"/addresses/**"}
        }],
        "filters": [],
        "uri": "lb://user-service"
    },
    {
        "id": "trade",
        "predicates": [{
            "name": "Path",
            "args": {"_genkey_0":"/orders/**"}
        }],
        "filters": [],
        "uri": "lb://trade-service"
    },
    {
        "id": "pay",
        "predicates": [{
            "name": "Path",
            "args": {"_genkey_0":"/pay-orders/**"}
        }],
        "filters": [],
        "uri": "lb://pay-service"
    }
]
16:40:23:285  INFO 25136 --- [main] o.s.c.g.r.RouteDefinitionRouteLocator    : Loaded RoutePredicateFactory [After]
16:40:23:285  INFO 25136 --- [main] o.s.c.g.r.RouteDefinitionRouteLocator    : Loaded RoutePredicateFactory [Before]
16:40:23:285  INFO 25136 --- [main] o.s.c.g.r.RouteDefinitionRouteLocator    : Loaded RoutePredicateFactory [Between]
16:40:23:285  INFO 25136 --- [main] o.s.c.g.r.RouteDefinitionRouteLocator    : Loaded RoutePredicateFactory [Cookie]
16:40:23:285  INFO 25136 --- [main] o.s.c.g.r.RouteDefinitionRouteLocator    : Loaded RoutePredicateFactory [Header]
16:40:23:285  INFO 25136 --- [main] o.s.c.g.r.RouteDefinitionRouteLocator    : Loaded RoutePredicateFactory [Host]
16:40:23:285  INFO 25136 --- [main] o.s.c.g.r.RouteDefinitionRouteLocator    : Loaded RoutePredicateFactory [Method]
16:40:23:285  INFO 25136 --- [main] o.s.c.g.r.RouteDefinitionRouteLocator    : Loaded RoutePredicateFactory [Path]
16:40:23:285  INFO 25136 --- [main] o.s.c.g.r.RouteDefinitionRouteLocator    : Loaded RoutePredicateFactory [Query]
16:40:23:285  INFO 25136 --- [main] o.s.c.g.r.RouteDefinitionRouteLocator    : Loaded RoutePredicateFactory [ReadBody]
16:40:23:286  INFO 25136 --- [main] o.s.c.g.r.RouteDefinitionRouteLocator    : Loaded RoutePredicateFactory [RemoteAddr]
16:40:23:286  INFO 25136 --- [main] o.s.c.g.r.RouteDefinitionRouteLocator    : Loaded RoutePredicateFactory [XForwardedRemoteAddr]
16:40:23:286  INFO 25136 --- [main] o.s.c.g.r.RouteDefinitionRouteLocator    : Loaded RoutePredicateFactory [Weight]
16:40:23:286  INFO 25136 --- [main] o.s.c.g.r.RouteDefinitionRouteLocator    : Loaded RoutePredicateFactory [CloudFoundryRouteService]
16:40:24:907  INFO 25136 --- [main] com.alibaba.nacos.common.remote.client   : [RpcClientFactory] create a new rpc client of 0d82bdd5-911f-4766-9824-71eba938d7d0
16:40:24:908  INFO 25136 --- [main] com.alibaba.nacos.common.remote.client   : [0d82bdd5-911f-4766-9824-71eba938d7d0] RpcClient init label, labels = {module=naming, source=sdk}
16:40:24:909  INFO 25136 --- [main] com.alibaba.nacos.common.remote.client   : [0d82bdd5-911f-4766-9824-71eba938d7d0] RpcClient init, ServerListFactory = com.alibaba.nacos.client.naming.core.ServerListManager
16:40:24:909  INFO 25136 --- [main] com.alibaba.nacos.common.remote.client   : [0d82bdd5-911f-4766-9824-71eba938d7d0] Registry connection listener to current client:com.alibaba.nacos.client.naming.remote.gprc.redo.NamingGrpcRedoService
16:40:24:911  INFO 25136 --- [main] com.alibaba.nacos.common.remote.client   : [0d82bdd5-911f-4766-9824-71eba938d7d0] Register server push request handler:com.alibaba.nacos.client.naming.remote.gprc.NamingPushRequestHandler
16:40:24:911  INFO 25136 --- [main] com.alibaba.nacos.common.remote.client   : [0d82bdd5-911f-4766-9824-71eba938d7d0] Try to connect to server on start up, server: {serverIp = '192.168.150.131', server main port = 8848}
16:40:25:045  INFO 25136 --- [main] com.alibaba.nacos.common.remote.client   : [0d82bdd5-911f-4766-9824-71eba938d7d0] Success to connect to server [192.168.150.131:8848] on start up, connectionId = 1756283222226_192.168.150.1_7791
16:40:25:045  INFO 25136 --- [main] com.alibaba.nacos.common.remote.client   : [0d82bdd5-911f-4766-9824-71eba938d7d0] Register server push request handler:com.alibaba.nacos.common.remote.client.RpcClient$ConnectResetRequestHandler
16:40:25:045  INFO 25136 --- [main] com.alibaba.nacos.common.remote.client   : [0d82bdd5-911f-4766-9824-71eba938d7d0] Register server push request handler:com.alibaba.nacos.common.remote.client.RpcClient$$Lambda$467/0x0000000800436440
16:40:25:045  INFO 25136 --- [com.alibaba.nacos.client.remote.worker] com.alibaba.nacos.common.remote.client   : [0d82bdd5-911f-4766-9824-71eba938d7d0] Notify connected event to listeners.
16:40:25:613  INFO 25136 --- [nacos-grpc-client-executor-6] com.alibaba.nacos.common.remote.client   : [0d82bdd5-911f-4766-9824-71eba938d7d0] Receive server push request, request = NotifySubscriberRequest, requestId = 10
16:40:25:617  INFO 25136 --- [nacos-grpc-client-executor-6] com.alibaba.nacos.common.remote.client   : [0d82bdd5-911f-4766-9824-71eba938d7d0] Ack server push request, request = NotifySubscriberRequest, requestId = 10
16:40:25:922  INFO 25136 --- [main] o.s.b.web.embedded.netty.NettyWebServer  : Netty started on port 8080
16:40:27:209  INFO 25136 --- [main] c.a.c.n.registry.NacosServiceRegistry    : nacos registry, DEFAULT_GROUP gateway 10.168.1.127:8080 register finished
16:40:27:228  INFO 25136 --- [main] com.hmall.gateway.GatewayApplication     : Started GatewayApplication in 13.131 seconds (JVM running for 14.31)
16:40:27:232  INFO 25136 --- [main] c.a.c.n.refresh.NacosContextRefresher    : [Nacos Config] Listening config: dataId=gateway.yaml, group=DEFAULT_GROUP
16:40:27:233  INFO 25136 --- [main] c.a.c.n.refresh.NacosContextRefresher    : [Nacos Config] Listening config: dataId=gateway-dev.yaml, group=DEFAULT_GROUP
16:40:27:233  INFO 25136 --- [main] c.a.c.n.refresh.NacosContextRefresher    : [Nacos Config] Listening config: dataId=gateway, group=DEFAULT_GROUP
16:40:27:743  INFO 25136 --- [nacos-grpc-client-executor-10] com.alibaba.nacos.common.remote.client   : [0d82bdd5-911f-4766-9824-71eba938d7d0] Receive server push request, request = NotifySubscriberRequest, requestId = 11
16:40:27:748  INFO 25136 --- [nacos-grpc-client-executor-10] com.alibaba.nacos.common.remote.client   : [0d82bdd5-911f-4766-9824-71eba938d7d0] Ack server push request, request = NotifySubscriberRequest, requestId = 11
16:42:58:867  INFO 25136 --- [nacos-grpc-client-executor-45] com.alibaba.nacos.common.remote.client   : [0d82bdd5-911f-4766-9824-71eba938d7d0] Receive server push request, request = NotifySubscriberRequest, requestId = 16
16:42:58:868  INFO 25136 --- [nacos-grpc-client-executor-45] com.alibaba.nacos.common.remote.client   : [0d82bdd5-911f-4766-9824-71eba938d7d0] Ack server push request, request = NotifySubscriberRequest, requestId = 16
16:43:00:170  INFO 25136 --- [nacos-grpc-client-executor-50] com.alibaba.nacos.common.remote.client   : [0d82bdd5-911f-4766-9824-71eba938d7d0] Receive server push request, request = NotifySubscriberRequest, requestId = 17
16:43:00:170  INFO 25136 --- [nacos-grpc-client-executor-50] com.alibaba.nacos.common.remote.client   : [0d82bdd5-911f-4766-9824-71eba938d7d0] Ack server push request, request = NotifySubscriberRequest, requestId = 17
16:43:21:378  INFO 25136 --- [nacos-grpc-client-executor-57] com.alibaba.nacos.common.remote.client   : [0d82bdd5-911f-4766-9824-71eba938d7d0] Receive server push request, request = NotifySubscriberRequest, requestId = 19
16:43:21:379  INFO 25136 --- [nacos-grpc-client-executor-57] com.alibaba.nacos.common.remote.client   : [0d82bdd5-911f-4766-9824-71eba938d7d0] Ack server push request, request = NotifySubscriberRequest, requestId = 19
16:46:28:292  INFO 25136 --- [nacos-grpc-client-executor-98] com.alibaba.nacos.common.remote.client   : [0d82bdd5-911f-4766-9824-71eba938d7d0] Receive server push request, request = NotifySubscriberRequest, requestId = 24
16:46:28:295  INFO 25136 --- [nacos-grpc-client-executor-98] com.alibaba.nacos.common.remote.client   : [0d82bdd5-911f-4766-9824-71eba938d7d0] Ack server push request, request = NotifySubscriberRequest, requestId = 24
16:46:44:519  INFO 25136 --- [nacos-grpc-client-executor-101] com.alibaba.nacos.common.remote.client   : [0d82bdd5-911f-4766-9824-71eba938d7d0] Receive server push request, request = NotifySubscriberRequest, requestId = 27
16:46:44:522  INFO 25136 --- [nacos-grpc-client-executor-101] com.alibaba.nacos.common.remote.client   : [0d82bdd5-911f-4766-9824-71eba938d7d0] Ack server push request, request = NotifySubscriberRequest, requestId = 27
16:47:39:198  INFO 25136 --- [nacos-grpc-client-executor-114] com.alibaba.nacos.common.remote.client   : [0d82bdd5-911f-4766-9824-71eba938d7d0] Receive server push request, request = NotifySubscriberRequest, requestId = 30
16:47:39:200  INFO 25136 --- [nacos-grpc-client-executor-114] com.alibaba.nacos.common.remote.client   : [0d82bdd5-911f-4766-9824-71eba938d7d0] Ack server push request, request = NotifySubscriberRequest, requestId = 30
16:53:03:074  INFO 25136 --- [nacos-grpc-client-executor-189] com.alibaba.nacos.common.remote.client   : [0d82bdd5-911f-4766-9824-71eba938d7d0] Receive server push request, request = NotifySubscriberRequest, requestId = 32
16:53:03:076  INFO 25136 --- [nacos-grpc-client-executor-189] com.alibaba.nacos.common.remote.client   : [0d82bdd5-911f-4766-9824-71eba938d7d0] Ack server push request, request = NotifySubscriberRequest, requestId = 32
16:53:14:309  INFO 25136 --- [nacos-grpc-client-executor-191] com.alibaba.nacos.common.remote.client   : [0d82bdd5-911f-4766-9824-71eba938d7d0] Receive server push request, request = NotifySubscriberRequest, requestId = 34
16:53:14:311  INFO 25136 --- [nacos-grpc-client-executor-191] com.alibaba.nacos.common.remote.client   : [0d82bdd5-911f-4766-9824-71eba938d7d0] Ack server push request, request = NotifySubscriberRequest, requestId = 34
16:55:23:407  INFO 25136 --- [nacos-grpc-client-executor-222] com.alibaba.nacos.common.remote.client   : [0d82bdd5-911f-4766-9824-71eba938d7d0] Receive server push request, request = NotifySubscriberRequest, requestId = 36
16:55:23:407  INFO 25136 --- [nacos-grpc-client-executor-222] com.alibaba.nacos.common.remote.client   : [0d82bdd5-911f-4766-9824-71eba938d7d0] Ack server push request, request = NotifySubscriberRequest, requestId = 36
17:59:18:266  WARN 25136 --- [Thread-1] c.a.n.common.http.HttpClientBeanHolder   : [HttpClientBeanHolder] Start destroying common HttpClient
17:59:18:266  WARN 25136 --- [Thread-5] c.a.nacos.common.notify.NotifyCenter     : [NotifyCenter] Start destroying Publisher
17:59:18:284  WARN 25136 --- [Thread-5] c.a.nacos.common.notify.NotifyCenter     : [NotifyCenter] Destruction of the end
17:59:18:290  WARN 25136 --- [Thread-1] c.a.n.common.http.HttpClientBeanHolder   : [HttpClientBeanHolder] Destruction of the end
17:59:18:497  INFO 25136 --- [SpringApplicationShutdownHook] c.a.c.n.registry.NacosServiceRegistry    : De-registering from Nacos Server now...
17:59:18:509  INFO 25136 --- [SpringApplicationShutdownHook] c.a.c.n.registry.NacosServiceRegistry    : De-registration finished.
17:59:18:845  INFO 25136 --- [SpringApplicationShutdownHook] com.alibaba.nacos.common.remote.client   : Shutdown rpc client, set status to shutdown
17:59:18:847  INFO 25136 --- [SpringApplicationShutdownHook] com.alibaba.nacos.common.remote.client   : Shutdown client event executor java.util.concurrent.ScheduledThreadPoolExecutor@10b8109d[Running, pool size = 2, active threads = 2, queued tasks = 0, completed tasks = 0]
17:59:18:847  INFO 25136 --- [SpringApplicationShutdownHook] com.alibaba.nacos.common.remote.client   : Close current connection 1756283222226_192.168.150.1_7791
17:59:18:859  INFO 25136 --- [nacos-grpc-client-executor-1100] c.a.n.c.remote.client.grpc.GrpcClient    : [1756283222226_192.168.150.1_7791]Ignore complete event,isRunning:false,isAbandon=false
17:59:18:886  INFO 25136 --- [SpringApplicationShutdownHook] c.a.n.c.remote.client.grpc.GrpcClient    : Shutdown grpc executor java.util.concurrent.ThreadPoolExecutor@453c9714[Running, pool size = 5, active threads = 0, queued tasks = 0, completed tasks = 1101]
